{
  "RSpec": {
    "coverage": {
      "/Users/matthiashaefeli/Documents/Devbootcamp/triunfa/superate/spec/models/admin_spec.rb": [
        1,
        null,
        1,
        4,
        4,
        null,
        1,
        1,
        null,
        null,
        1,
        1,
        null,
        null,
        1,
        1,
        null,
        null,
        null
      ],
      "/Users/matthiashaefeli/Documents/Devbootcamp/triunfa/superate/spec/rails_helper.rb": [
        null,
        1,
        1,
        1,
        null,
        1,
        1,
        null,
        null,
        null,
        null,
        null,
        null,
        null,
        null,
        null,
        null,
        null,
        null,
        null,
        null,
        null,
        null,
        null,
        null,
        null,
        1,
        null,
        1,
        null,
        1,
        null,
        null,
        null,
        null,
        1,
        null,
        null,
        null,
        null,
        null,
        null,
        null,
        null,
        null,
        null,
        null,
        null,
        null,
        null,
        1,
        null,
        null,
        1,
        null,
        null,
        null
      ],
      "/Users/matthiashaefeli/Documents/Devbootcamp/triunfa/superate/config/environment.rb": [
        null,
        1,
        null,
        null,
        1
      ],
      "/Users/matthiashaefeli/Documents/Devbootcamp/triunfa/superate/config/application.rb": [
        1,
        null,
        1,
        null,
        null,
        null,
        1,
        null,
        1,
        1,
        null,
        1,
        null,
        null,
        null,
        null,
        null,
        null
      ],
      "/Users/matthiashaefeli/Documents/Devbootcamp/triunfa/superate/config/boot.rb": [
        1,
        null,
        1
      ],
      "/Users/matthiashaefeli/Documents/Devbootcamp/triunfa/superate/config/environments/test.rb": [
        1,
        null,
        null,
        null,
        null,
        null,
        null,
        1,
        null,
        null,
        null,
        null,
        1,
        null,
        null,
        1,
        1,
        null,
        null,
        null,
        null,
        1,
        1,
        null,
        null,
        1,
        null,
        null,
        1,
        1,
        null,
        null,
        null,
        null,
        1,
        null,
        null,
        1,
        null,
        null,
        null,
        null
      ],
      "/Users/matthiashaefeli/Documents/Devbootcamp/triunfa/superate/config/initializers/application_controller_renderer.rb": [
        null,
        null,
        null,
        null,
        null,
        null,
        null,
        null
      ],
      "/Users/matthiashaefeli/Documents/Devbootcamp/triunfa/superate/config/initializers/assets.rb": [
        null,
        null,
        null,
        1,
        null,
        null,
        null,
        null,
        1,
        null,
        null,
        null,
        null,
        null
      ],
      "/Users/matthiashaefeli/Documents/Devbootcamp/triunfa/superate/config/initializers/backtrace_silencers.rb": [
        null,
        null,
        null,
        null,
        null,
        null,
        null
      ],
      "/Users/matthiashaefeli/Documents/Devbootcamp/triunfa/superate/config/initializers/cookies_serializer.rb": [
        null,
        null,
        null,
        null,
        1
      ],
      "/Users/matthiashaefeli/Documents/Devbootcamp/triunfa/superate/config/initializers/devise.rb": [
        null,
        null,
        null,
        null,
        1,
        null,
        null,
        null,
        null,
        null,
        null,
        null,
        null,
        null,
        null,
        null,
        null,
        null,
        null,
        null,
        1,
        null,
        null,
        null,
        null,
        null,
        null,
        null,
        null,
        null,
        null,
        null,
        1,
        null,
        null,
        null,
        null,
        null,
        null,
        null,
        null,
        null,
        null,
        null,
        null,
        null,
        null,
        null,
        null,
        null,
        null,
        null,
        null,
        null,
        1,
        null,
        null,
        null,
        null,
        1,
        null,
        null,
        null,
        null,
        null,
        null,
        null,
        null,
        null,
        null,
        null,
        null,
        null,
        null,
        null,
        null,
        null,
        null,
        null,
        null,
        null,
        null,
        null,
        null,
        null,
        null,
        null,
        null,
        null,
        null,
        1,
        null,
        null,
        null,
        null,
        null,
        null,
        null,
        null,
        null,
        null,
        null,
        null,
        null,
        null,
        null,
        null,
        null,
        null,
        null,
        null,
        null,
        null,
        1,
        null,
        null,
        null,
        null,
        null,
        null,
        null,
        null,
        null,
        null,
        null,
        null,
        null,
        null,
        null,
        null,
        null,
        null,
        null,
        null,
        null,
        null,
        null,
        null,
        null,
        null,
        null,
        null,
        null,
        null,
        1,
        null,
        null,
        null,
        null,
        null,
        null,
        null,
        null,
        null,
        1,
        null,
        null,
        null,
        null,
        null,
        null,
        null,
        null,
        null,
        null,
        1,
        null,
        null,
        null,
        null,
        1,
        null,
        null,
        null,
        null,
        null,
        null,
        null,
        null,
        null,
        null,
        null,
        null,
        null,
        null,
        null,
        null,
        null,
        null,
        null,
        null,
        null,
        null,
        null,
        null,
        null,
        null,
        null,
        null,
        null,
        null,
        null,
        null,
        null,
        null,
        null,
        null,
        null,
        null,
        null,
        null,
        1,
        null,
        null,
        null,
        null,
        null,
        null,
        null,
        null,
        null,
        null,
        null,
        null,
        null,
        null,
        null,
        null,
        null,
        null,
        null,
        null,
        null,
        null,
        null,
        null,
        null,
        null,
        null,
        null,
        null,
        null,
        null,
        null,
        null,
        null,
        null,
        null,
        null,
        null,
        null,
        null,
        null,
        1,
        null,
        null,
        null,
        null,
        null,
        null,
        null,
        null,
        null,
        null,
        null,
        null,
        null,
        null,
        null,
        null,
        null,
        null,
        null,
        null,
        null,
        null,
        null,
        null,
        null,
        null,
        null,
        null,
        null
      ],
      "/Users/matthiashaefeli/Documents/Devbootcamp/triunfa/superate/config/initializers/filter_parameter_logging.rb": [
        null,
        null,
        null,
        1
      ],
      "/Users/matthiashaefeli/Documents/Devbootcamp/triunfa/superate/config/initializers/inflections.rb": [
        null,
        null,
        null,
        null,
        null,
        null,
        null,
        null,
        null,
        null,
        null,
        null,
        null,
        null,
        null,
        null
      ],
      "/Users/matthiashaefeli/Documents/Devbootcamp/triunfa/superate/config/initializers/mime_types.rb": [
        null,
        null,
        null,
        null
      ],
      "/Users/matthiashaefeli/Documents/Devbootcamp/triunfa/superate/config/initializers/wrap_parameters.rb": [
        null,
        null,
        null,
        null,
        null,
        null,
        1,
        2,
        null,
        null,
        null,
        null,
        null,
        null
      ],
      "/Users/matthiashaefeli/Documents/Devbootcamp/triunfa/superate/config/routes.rb": [
        1,
        null,
        1,
        null,
        1,
        1,
        1,
        1,
        1,
        1,
        1,
        1,
        1,
        1,
        1,
        null,
        null,
        null
      ],
      "/Users/matthiashaefeli/Documents/Devbootcamp/triunfa/superate/app/models/user.rb": [
        1,
        null,
        null,
        null,
        null,
        1,
        1,
        null,
        null,
        1,
        1,
        1,
        1,
        1,
        1,
        null,
        1,
        null,
        1,
        null,
        null,
        null
      ],
      "/Users/matthiashaefeli/Documents/Devbootcamp/triunfa/superate/app/models/application_record.rb": [
        1,
        1,
        null
      ],
      "/Users/matthiashaefeli/Documents/Devbootcamp/triunfa/superate/app/helpers/application_helper.rb": [
        1,
        null
      ],
      "/Users/matthiashaefeli/Documents/Devbootcamp/triunfa/superate/app/helpers/chats_helper.rb": [
        1,
        null
      ],
      "/Users/matthiashaefeli/Documents/Devbootcamp/triunfa/superate/app/helpers/courses_helper.rb": [
        1,
        null
      ],
      "/Users/matthiashaefeli/Documents/Devbootcamp/triunfa/superate/app/helpers/groups_helper.rb": [
        1,
        null,
        1,
        0,
        0,
        0,
        0,
        0,
        null,
        0,
        null,
        null,
        1,
        0,
        0,
        0,
        0,
        null,
        0,
        null,
        null,
        1,
        1,
        null,
        null,
        null,
        null
      ],
      "/Users/matthiashaefeli/Documents/Devbootcamp/triunfa/superate/app/helpers/messages_helper.rb": [
        1,
        null
      ],
      "/Users/matthiashaefeli/Documents/Devbootcamp/triunfa/superate/app/helpers/rooms_helper.rb": [
        1,
        null
      ],
      "/Users/matthiashaefeli/Documents/Devbootcamp/triunfa/superate/app/helpers/statistics_helper.rb": [
        1,
        null
      ],
      "/Users/matthiashaefeli/Documents/Devbootcamp/triunfa/superate/app/helpers/students_helper.rb": [
        1,
        null
      ],
      "/Users/matthiashaefeli/Documents/Devbootcamp/triunfa/superate/app/helpers/teachers_helper.rb": [
        1,
        null
      ],
      "/Users/matthiashaefeli/Documents/Devbootcamp/triunfa/superate/app/helpers/welcome_helper.rb": [
        1,
        null,
        1,
        0,
        null,
        null,
        1,
        0,
        0,
        0,
        0,
        0,
        0,
        null,
        null,
        null,
        null,
        1,
        0,
        0,
        0,
        null,
        0,
        0,
        null,
        0,
        0,
        null,
        0,
        null,
        null,
        1,
        0,
        0,
        0,
        0,
        null,
        0,
        0,
        0,
        null,
        0,
        0,
        0,
        null,
        null,
        0,
        0,
        0,
        0,
        0,
        0,
        null,
        0,
        null,
        null,
        null,
        null
      ],
      "/Users/matthiashaefeli/Documents/Devbootcamp/triunfa/superate/app/models/admin.rb": [
        1,
        1,
        null
      ],
      "/Users/matthiashaefeli/Documents/Devbootcamp/triunfa/superate/spec/models/chat_spec.rb": [
        1,
        null,
        1,
        1,
        1,
        1,
        1,
        3,
        1,
        3,
        null,
        1,
        1,
        null,
        null,
        1,
        1,
        null,
        null,
        null,
        null,
        null
      ],
      "/Users/matthiashaefeli/Documents/Devbootcamp/triunfa/superate/app/models/chat.rb": [
        1,
        null,
        1,
        1,
        null,
        1,
        null,
        1,
        null,
        null
      ],
      "/Users/matthiashaefeli/Documents/Devbootcamp/triunfa/superate/spec/models/course_spec.rb": [
        1,
        null,
        1,
        2,
        null,
        1,
        1,
        null,
        null,
        null,
        null,
        null,
        null,
        null,
        null,
        null,
        null,
        null
      ],
      "/Users/matthiashaefeli/Documents/Devbootcamp/triunfa/superate/app/models/course.rb": [
        1,
        null,
        1,
        1,
        null,
        1,
        1,
        1,
        null,
        1,
        null
      ],
      "/Users/matthiashaefeli/Documents/Devbootcamp/triunfa/superate/spec/models/group_spec.rb": [
        1,
        null,
        1,
        4,
        4,
        4,
        4,
        null,
        1,
        1,
        null,
        null,
        1,
        1,
        null,
        null,
        1,
        1,
        null,
        null,
        null,
        null
      ],
      "/Users/matthiashaefeli/Documents/Devbootcamp/triunfa/superate/app/models/group.rb": [
        1,
        1,
        1,
        1,
        null,
        1,
        1,
        1,
        null
      ],
      "/Users/matthiashaefeli/Documents/Devbootcamp/triunfa/superate/spec/models/igroup_spec.rb": [
        1,
        null,
        1,
        3,
        3,
        3,
        3,
        3,
        1,
        3,
        null,
        1,
        1,
        null,
        null,
        1,
        1,
        null,
        null,
        null,
        null,
        null
      ],
      "/Users/matthiashaefeli/Documents/Devbootcamp/triunfa/superate/app/models/igroup.rb": [
        1,
        1,
        1,
        null
      ],
      "/Users/matthiashaefeli/Documents/Devbootcamp/triunfa/superate/spec/models/message_spec.rb": [
        1,
        null,
        1,
        4,
        4,
        4,
        4,
        4,
        1,
        4,
        4,
        null,
        1,
        1,
        null,
        null,
        1,
        1,
        null,
        null,
        1,
        1,
        null,
        null,
        null,
        null
      ],
      "/Users/matthiashaefeli/Documents/Devbootcamp/triunfa/superate/app/models/message.rb": [
        1,
        null,
        1,
        1,
        null,
        1,
        null,
        1,
        1,
        null
      ],
      "/Users/matthiashaefeli/Documents/Devbootcamp/triunfa/superate/spec/models/room_spec.rb": [
        1,
        null,
        1,
        2,
        2,
        2,
        2,
        2,
        null,
        1,
        1,
        null,
        null,
        null,
        null
      ],
      "/Users/matthiashaefeli/Documents/Devbootcamp/triunfa/superate/app/models/room.rb": [
        1,
        1,
        1,
        null,
        null
      ],
      "/Users/matthiashaefeli/Documents/Devbootcamp/triunfa/superate/spec/models/statistic_spec.rb": [
        1,
        null,
        1,
        5,
        5,
        5,
        5,
        5,
        5,
        5,
        5,
        5,
        null,
        1,
        1,
        null,
        null,
        1,
        1,
        null,
        null,
        1,
        1,
        null,
        null,
        1,
        1,
        null,
        null,
        null,
        null,
        null
      ],
      "/Users/matthiashaefeli/Documents/Devbootcamp/triunfa/superate/app/models/statistic.rb": [
        1,
        null
      ],
      "/Users/matthiashaefeli/Documents/Devbootcamp/triunfa/superate/spec/models/student_spec.rb": [
        1,
        null,
        1,
        7,
        7,
        7,
        7,
        7,
        7,
        null,
        1,
        1,
        null,
        null,
        1,
        1,
        null,
        null,
        1,
        1,
        null,
        null,
        1,
        1,
        null,
        null,
        1,
        1,
        null,
        null,
        1,
        1,
        1,
        null,
        null,
        null
      ],
      "/Users/matthiashaefeli/Documents/Devbootcamp/triunfa/superate/spec/models/teacher_spec.rb": [
        1,
        null,
        1,
        1,
        1,
        null,
        5,
        5,
        null,
        null,
        1,
        1,
        null,
        null,
        1,
        1,
        null,
        null,
        1,
        1,
        null,
        null,
        1,
        1,
        null,
        null,
        null
      ],
      "/Users/matthiashaefeli/Documents/Devbootcamp/triunfa/superate/app/models/teacher.rb": [
        1,
        null,
        1,
        1,
        null,
        1,
        1,
        null
      ],
      "/Users/matthiashaefeli/Documents/Devbootcamp/triunfa/superate/spec/models/user_spec.rb": [
        1,
        null,
        1,
        4,
        null,
        1,
        1,
        null,
        null,
        1,
        1,
        null,
        null,
        1,
        1,
        null,
        null,
        null,
        null
      ],
      "/Users/matthiashaefeli/Documents/Devbootcamp/triunfa/superate/app/models/student.rb": [
        1,
        null,
        1,
        1,
        null,
        1,
        1,
        null
      ]
    },
    "timestamp": 1523632426
  }
}
