{
  "RSpec": {
    "coverage": {
      "/Users/matthiashaefeli/Documents/Documents - Matthias’s MacBook Pro/Devbootcamp/triunfa/superate/spec/controllers/admins_controller_spec.rb": [
        null,
        null,
        1,
        null,
        1,
        4,
        1,
        4,
        1,
        1,
        null,
        1,
        1,
        1,
        1,
        1,
        null,
        null,
        1,
        1,
        1,
        1,
        1,
        null,
        null,
        1,
        1,
        1,
        1,
        1,
        1,
        null,
        null,
        1,
        1,
        1,
        1,
        1,
        1,
        null,
        null
      ],
      "/Users/matthiashaefeli/Documents/Documents - Matthias’s MacBook Pro/Devbootcamp/triunfa/superate/spec/rails_helper.rb": [
        null,
        null,
        null,
        1,
        1,
        1,
        null,
        1,
        1,
        null,
        null,
        null,
        null,
        null,
        null,
        null,
        null,
        null,
        null,
        null,
        null,
        null,
        null,
        null,
        null,
        null,
        null,
        null,
        1,
        2,
        1,
        null,
        1,
        1,
        null,
        null,
        null,
        null,
        1,
        null,
        null,
        null,
        null,
        null,
        null,
        null,
        null,
        null,
        null,
        null,
        null,
        null,
        null,
        1,
        null,
        null,
        1,
        null,
        null,
        null,
        1
      ],
      "/Users/matthiashaefeli/Documents/Documents - Matthias’s MacBook Pro/Devbootcamp/triunfa/superate/config/environment.rb": [
        null,
        null,
        null,
        1,
        null,
        null,
        1
      ],
      "/Users/matthiashaefeli/Documents/Documents - Matthias’s MacBook Pro/Devbootcamp/triunfa/superate/config/application.rb": [
        null,
        null,
        1,
        null,
        1,
        null,
        null,
        null,
        1,
        null,
        1,
        1,
        null,
        1,
        1,
        null,
        null,
        null,
        null,
        null,
        null,
        null
      ],
      "/Users/matthiashaefeli/Documents/Documents - Matthias’s MacBook Pro/Devbootcamp/triunfa/superate/config/boot.rb": [
        null,
        null,
        1,
        null,
        1
      ],
      "/Users/matthiashaefeli/Documents/Documents - Matthias’s MacBook Pro/Devbootcamp/triunfa/superate/config/environments/test.rb": [
        null,
        null,
        1,
        null,
        null,
        null,
        null,
        null,
        null,
        1,
        null,
        null,
        null,
        null,
        1,
        null,
        null,
        1,
        1,
        null,
        null,
        null,
        null,
        1,
        1,
        null,
        null,
        1,
        null,
        null,
        1,
        1,
        null,
        null,
        null,
        null,
        1,
        null,
        null,
        1,
        null,
        null,
        null,
        null
      ],
      "/Users/matthiashaefeli/Documents/Documents - Matthias’s MacBook Pro/Devbootcamp/triunfa/superate/config/initializers/application_controller_renderer.rb": [
        null,
        null,
        null,
        null,
        null,
        null,
        null,
        null,
        null,
        null
      ],
      "/Users/matthiashaefeli/Documents/Documents - Matthias’s MacBook Pro/Devbootcamp/triunfa/superate/config/initializers/assets.rb": [
        null,
        null,
        null,
        null,
        null,
        1,
        null,
        null,
        null,
        null,
        1,
        null,
        null,
        null,
        null,
        null
      ],
      "/Users/matthiashaefeli/Documents/Documents - Matthias’s MacBook Pro/Devbootcamp/triunfa/superate/config/initializers/backtrace_silencers.rb": [
        null,
        null,
        null,
        null,
        null,
        null,
        null,
        null,
        null
      ],
      "/Users/matthiashaefeli/Documents/Documents - Matthias’s MacBook Pro/Devbootcamp/triunfa/superate/config/initializers/cookies_serializer.rb": [
        null,
        null,
        null,
        null,
        null,
        null,
        1
      ],
      "/Users/matthiashaefeli/Documents/Documents - Matthias’s MacBook Pro/Devbootcamp/triunfa/superate/config/initializers/devise.rb": [
        null,
        null,
        null,
        null,
        1,
        null,
        null,
        null,
        null,
        null,
        null,
        null,
        null,
        null,
        null,
        null,
        null,
        null,
        null,
        null,
        1,
        null,
        null,
        null,
        null,
        null,
        null,
        null,
        null,
        null,
        null,
        null,
        1,
        null,
        null,
        null,
        null,
        null,
        null,
        null,
        null,
        null,
        null,
        null,
        null,
        null,
        null,
        null,
        null,
        null,
        null,
        null,
        null,
        null,
        1,
        null,
        null,
        null,
        null,
        1,
        null,
        null,
        null,
        null,
        null,
        null,
        null,
        null,
        null,
        null,
        null,
        null,
        null,
        null,
        null,
        null,
        null,
        null,
        null,
        null,
        null,
        null,
        null,
        null,
        null,
        null,
        null,
        null,
        null,
        null,
        1,
        null,
        null,
        null,
        null,
        null,
        null,
        null,
        null,
        null,
        null,
        null,
        null,
        null,
        null,
        null,
        null,
        null,
        null,
        null,
        null,
        null,
        null,
        1,
        null,
        null,
        null,
        null,
        null,
        null,
        null,
        null,
        null,
        null,
        null,
        null,
        null,
        null,
        null,
        null,
        null,
        null,
        null,
        null,
        null,
        null,
        null,
        null,
        null,
        null,
        null,
        null,
        null,
        null,
        1,
        null,
        null,
        null,
        null,
        null,
        null,
        null,
        null,
        null,
        1,
        null,
        null,
        null,
        null,
        null,
        null,
        null,
        null,
        null,
        null,
        1,
        null,
        null,
        null,
        null,
        1,
        null,
        null,
        null,
        null,
        null,
        null,
        null,
        null,
        null,
        null,
        null,
        null,
        null,
        null,
        null,
        null,
        null,
        null,
        null,
        null,
        null,
        null,
        null,
        null,
        null,
        null,
        null,
        null,
        null,
        null,
        null,
        null,
        null,
        null,
        null,
        null,
        null,
        null,
        null,
        null,
        1,
        null,
        null,
        null,
        null,
        null,
        null,
        null,
        null,
        null,
        null,
        null,
        null,
        null,
        null,
        null,
        null,
        null,
        null,
        null,
        null,
        null,
        null,
        null,
        null,
        null,
        null,
        null,
        null,
        null,
        null,
        null,
        null,
        null,
        null,
        null,
        null,
        null,
        null,
        null,
        null,
        null,
        1,
        null,
        null,
        null,
        null,
        null,
        null,
        null,
        null,
        null,
        null,
        null,
        null,
        null,
        null,
        null,
        null,
        null,
        null,
        null,
        null,
        null,
        null,
        null,
        null,
        null,
        null,
        null,
        null,
        null
      ],
      "/Users/matthiashaefeli/Documents/Documents - Matthias’s MacBook Pro/Devbootcamp/triunfa/superate/config/initializers/filter_parameter_logging.rb": [
        null,
        null,
        null,
        null,
        null,
        1
      ],
      "/Users/matthiashaefeli/Documents/Documents - Matthias’s MacBook Pro/Devbootcamp/triunfa/superate/config/initializers/inflections.rb": [
        null,
        null,
        null,
        null,
        null,
        null,
        null,
        null,
        null,
        null,
        null,
        null,
        null,
        null,
        null,
        null,
        null,
        null
      ],
      "/Users/matthiashaefeli/Documents/Documents - Matthias’s MacBook Pro/Devbootcamp/triunfa/superate/config/initializers/mime_types.rb": [
        null,
        null,
        null,
        null,
        null,
        null
      ],
      "/Users/matthiashaefeli/Documents/Documents - Matthias’s MacBook Pro/Devbootcamp/triunfa/superate/config/initializers/session_store.rb": [
        null,
        null,
        1
      ],
      "/Users/matthiashaefeli/Documents/Documents - Matthias’s MacBook Pro/Devbootcamp/triunfa/superate/config/initializers/wrap_parameters.rb": [
        null,
        null,
        null,
        null,
        null,
        null,
        null,
        null,
        1,
        2,
        null,
        null,
        null,
        null,
        null,
        null
      ],
      "/Users/matthiashaefeli/Documents/Documents - Matthias’s MacBook Pro/Devbootcamp/triunfa/superate/spec/factories.rb": [
        null,
        null,
        1,
        1,
        null,
        null,
        1,
        null,
        null,
        1,
        null,
        null,
        1,
        null,
        null,
        1,
        null,
        null,
        1,
        null,
        null,
        1,
        null,
        null,
        1,
        null,
        null,
        1,
        null,
        null,
        1,
        null,
        null,
        1,
        null,
        null,
        1,
        null,
        null,
        1,
        1,
        1,
        1,
        null,
        null,
        1,
        1,
        1,
        1,
        1,
        null,
        null,
        1,
        1,
        1,
        null,
        null,
        1,
        1,
        null,
        null,
        1,
        1,
        1,
        1,
        1,
        null,
        null,
        null,
        null
      ],
      "/Users/matthiashaefeli/Documents/Documents - Matthias’s MacBook Pro/Devbootcamp/triunfa/superate/config/routes.rb": [
        null,
        null,
        1,
        null,
        1,
        null,
        1,
        1,
        1,
        1,
        1,
        1,
        1,
        1,
        1,
        1,
        1,
        1,
        1,
        1,
        1,
        1,
        1,
        1,
        1,
        1,
        1,
        1,
        1,
        1,
        1,
        1,
        1,
        1,
        1,
        1,
        1,
        1,
        1,
        1,
        1,
        1,
        1,
        1,
        1,
        1,
        1,
        1,
        1,
        1,
        1,
        1,
        null,
        null,
        null
      ],
      "/Users/matthiashaefeli/Documents/Documents - Matthias’s MacBook Pro/Devbootcamp/triunfa/superate/app/models/user.rb": [
        null,
        null,
        1,
        1,
        null,
        null,
        null,
        null,
        null,
        null,
        null,
        null,
        1,
        1,
        null,
        1,
        1,
        1,
        null,
        null,
        1,
        1,
        1,
        1,
        1,
        1,
        1,
        1,
        1,
        1,
        1,
        1,
        1,
        1,
        1,
        1,
        null,
        1,
        null,
        1,
        null,
        null
      ],
      "/Users/matthiashaefeli/Documents/Documents - Matthias’s MacBook Pro/Devbootcamp/triunfa/superate/app/models/application_record.rb": [
        null,
        null,
        1,
        1,
        null
      ],
      "/Users/matthiashaefeli/Documents/Documents - Matthias’s MacBook Pro/Devbootcamp/triunfa/superate/app/helpers/admins_helper.rb": [
        null,
        null,
        1,
        null
      ],
      "/Users/matthiashaefeli/Documents/Documents - Matthias’s MacBook Pro/Devbootcamp/triunfa/superate/app/helpers/application_helper.rb": [
        null,
        null,
        1,
        null
      ],
      "/Users/matthiashaefeli/Documents/Documents - Matthias’s MacBook Pro/Devbootcamp/triunfa/superate/app/helpers/articles_helper.rb": [
        null,
        null,
        1,
        null
      ],
      "/Users/matthiashaefeli/Documents/Documents - Matthias’s MacBook Pro/Devbootcamp/triunfa/superate/app/helpers/assignments_helper.rb": [
        null,
        null,
        1,
        1,
        1,
        1,
        1,
        2,
        null,
        1,
        null,
        null
      ],
      "/Users/matthiashaefeli/Documents/Documents - Matthias’s MacBook Pro/Devbootcamp/triunfa/superate/app/helpers/calendars_helper.rb": [
        null,
        null,
        1,
        null
      ],
      "/Users/matthiashaefeli/Documents/Documents - Matthias’s MacBook Pro/Devbootcamp/triunfa/superate/app/helpers/chats_helper.rb": [
        null,
        null,
        1,
        null
      ],
      "/Users/matthiashaefeli/Documents/Documents - Matthias’s MacBook Pro/Devbootcamp/triunfa/superate/app/helpers/comments_helper.rb": [
        null,
        null,
        1,
        null
      ],
      "/Users/matthiashaefeli/Documents/Documents - Matthias’s MacBook Pro/Devbootcamp/triunfa/superate/app/helpers/comunity_helper.rb": [
        null,
        null,
        1,
        null
      ],
      "/Users/matthiashaefeli/Documents/Documents - Matthias’s MacBook Pro/Devbootcamp/triunfa/superate/app/helpers/conversations_helper.rb": [
        null,
        null,
        1,
        null
      ],
      "/Users/matthiashaefeli/Documents/Documents - Matthias’s MacBook Pro/Devbootcamp/triunfa/superate/app/helpers/courses_helper.rb": [
        null,
        null,
        1,
        null
      ],
      "/Users/matthiashaefeli/Documents/Documents - Matthias’s MacBook Pro/Devbootcamp/triunfa/superate/app/helpers/events_helper.rb": [
        null,
        null,
        1,
        null
      ],
      "/Users/matthiashaefeli/Documents/Documents - Matthias’s MacBook Pro/Devbootcamp/triunfa/superate/app/helpers/finished_assignments_helper.rb": [
        null,
        null,
        1,
        1,
        null,
        1,
        1,
        null,
        null,
        1,
        2,
        2,
        2,
        null,
        2,
        null,
        null,
        1,
        1,
        1,
        1,
        1,
        1,
        1,
        1,
        null,
        1,
        null,
        1,
        null,
        null
      ],
      "/Users/matthiashaefeli/Documents/Documents - Matthias’s MacBook Pro/Devbootcamp/triunfa/superate/app/helpers/flyers_helper.rb": [
        null,
        null,
        1,
        null
      ],
      "/Users/matthiashaefeli/Documents/Documents - Matthias’s MacBook Pro/Devbootcamp/triunfa/superate/app/helpers/folders_helper.rb": [
        null,
        null,
        1,
        null
      ],
      "/Users/matthiashaefeli/Documents/Documents - Matthias’s MacBook Pro/Devbootcamp/triunfa/superate/app/helpers/grammar_helper.rb": [
        null,
        null,
        1,
        null
      ],
      "/Users/matthiashaefeli/Documents/Documents - Matthias’s MacBook Pro/Devbootcamp/triunfa/superate/app/helpers/groseries_helper.rb": [
        null,
        null,
        1,
        null
      ],
      "/Users/matthiashaefeli/Documents/Documents - Matthias’s MacBook Pro/Devbootcamp/triunfa/superate/app/helpers/groups_helper.rb": [
        null,
        null,
        1,
        1,
        1,
        1,
        1,
        3,
        3,
        null,
        1,
        null,
        null,
        1,
        1,
        1,
        1,
        1,
        null,
        1,
        null,
        null,
        1,
        2,
        null,
        null
      ],
      "/Users/matthiashaefeli/Documents/Documents - Matthias’s MacBook Pro/Devbootcamp/triunfa/superate/app/helpers/libraries_helper.rb": [
        null,
        null,
        1,
        null
      ],
      "/Users/matthiashaefeli/Documents/Documents - Matthias’s MacBook Pro/Devbootcamp/triunfa/superate/app/helpers/links_helper.rb": [
        null,
        null,
        1,
        null
      ],
      "/Users/matthiashaefeli/Documents/Documents - Matthias’s MacBook Pro/Devbootcamp/triunfa/superate/app/helpers/map_helper.rb": [
        null,
        null,
        1,
        null
      ],
      "/Users/matthiashaefeli/Documents/Documents - Matthias’s MacBook Pro/Devbootcamp/triunfa/superate/app/helpers/messages_helper.rb": [
        null,
        null,
        1,
        null
      ],
      "/Users/matthiashaefeli/Documents/Documents - Matthias’s MacBook Pro/Devbootcamp/triunfa/superate/app/helpers/model_mailer_helper.rb": [
        null,
        null,
        1,
        null
      ],
      "/Users/matthiashaefeli/Documents/Documents - Matthias’s MacBook Pro/Devbootcamp/triunfa/superate/app/helpers/papers_helper.rb": [
        null,
        null,
        1,
        null
      ],
      "/Users/matthiashaefeli/Documents/Documents - Matthias’s MacBook Pro/Devbootcamp/triunfa/superate/app/helpers/publications_helper.rb": [
        null,
        null,
        1,
        null
      ],
      "/Users/matthiashaefeli/Documents/Documents - Matthias’s MacBook Pro/Devbootcamp/triunfa/superate/app/helpers/resources_helper.rb": [
        null,
        null,
        1,
        null
      ],
      "/Users/matthiashaefeli/Documents/Documents - Matthias’s MacBook Pro/Devbootcamp/triunfa/superate/app/helpers/rooms_helper.rb": [
        null,
        null,
        1,
        null
      ],
      "/Users/matthiashaefeli/Documents/Documents - Matthias’s MacBook Pro/Devbootcamp/triunfa/superate/app/helpers/sentences_helper.rb": [
        null,
        null,
        1,
        null
      ],
      "/Users/matthiashaefeli/Documents/Documents - Matthias’s MacBook Pro/Devbootcamp/triunfa/superate/app/helpers/spaces_helper.rb": [
        null,
        null,
        1,
        null
      ],
      "/Users/matthiashaefeli/Documents/Documents - Matthias’s MacBook Pro/Devbootcamp/triunfa/superate/app/helpers/statistics_helper.rb": [
        null,
        null,
        1,
        null
      ],
      "/Users/matthiashaefeli/Documents/Documents - Matthias’s MacBook Pro/Devbootcamp/triunfa/superate/app/helpers/students_helper.rb": [
        null,
        null,
        1,
        null
      ],
      "/Users/matthiashaefeli/Documents/Documents - Matthias’s MacBook Pro/Devbootcamp/triunfa/superate/app/helpers/tables_helper.rb": [
        null,
        null,
        1,
        null
      ],
      "/Users/matthiashaefeli/Documents/Documents - Matthias’s MacBook Pro/Devbootcamp/triunfa/superate/app/helpers/talks_helper.rb": [
        null,
        null,
        1,
        null
      ],
      "/Users/matthiashaefeli/Documents/Documents - Matthias’s MacBook Pro/Devbootcamp/triunfa/superate/app/helpers/tasks_helper.rb": [
        null,
        null,
        1,
        null
      ],
      "/Users/matthiashaefeli/Documents/Documents - Matthias’s MacBook Pro/Devbootcamp/triunfa/superate/app/helpers/teachers_helper.rb": [
        null,
        null,
        1,
        null
      ],
      "/Users/matthiashaefeli/Documents/Documents - Matthias’s MacBook Pro/Devbootcamp/triunfa/superate/app/helpers/todos_helper.rb": [
        null,
        null,
        1,
        null
      ],
      "/Users/matthiashaefeli/Documents/Documents - Matthias’s MacBook Pro/Devbootcamp/triunfa/superate/app/helpers/translate_helper.rb": [
        null,
        null,
        1,
        null
      ],
      "/Users/matthiashaefeli/Documents/Documents - Matthias’s MacBook Pro/Devbootcamp/triunfa/superate/app/helpers/weather_helper.rb": [
        null,
        null,
        1,
        null
      ],
      "/Users/matthiashaefeli/Documents/Documents - Matthias’s MacBook Pro/Devbootcamp/triunfa/superate/app/helpers/welcome_helper.rb": [
        null,
        null,
        1,
        1,
        1,
        null,
        null,
        1,
        1,
        1,
        1,
        1,
        1,
        1,
        1,
        null,
        null,
        null,
        null,
        1,
        1,
        1,
        1,
        null,
        1,
        1,
        null,
        1,
        1,
        null,
        1,
        null,
        null,
        1,
        5,
        2,
        3,
        1,
        2,
        1,
        null,
        1,
        null,
        null,
        null
      ],
      "/Users/matthiashaefeli/Documents/Documents - Matthias’s MacBook Pro/Devbootcamp/triunfa/superate/spec/support/controller_user_login.rb": [
        null,
        null,
        1,
        1,
        55,
        null,
        null,
        1,
        1,
        1,
        1,
        1,
        1,
        null,
        null,
        1,
        6,
        null,
        null,
        1,
        5,
        null,
        null,
        1,
        2,
        null,
        null,
        1,
        2,
        null,
        null,
        1,
        1,
        null,
        null,
        1,
        1,
        null,
        null,
        1,
        1,
        null,
        null,
        1,
        3,
        null,
        null,
        1,
        1,
        null,
        null,
        1,
        1,
        null,
        null,
        1,
        1,
        null,
        null,
        1,
        2,
        null,
        null,
        1,
        0,
        null,
        null
      ],
      "/Users/matthiashaefeli/Documents/Documents - Matthias’s MacBook Pro/Devbootcamp/triunfa/superate/app/controllers/admins_controller.rb": [
        null,
        null,
        1,
        1,
        null,
        1,
        2,
        2,
        1,
        1,
        1,
        1,
        null,
        1,
        null,
        null,
        null,
        1,
        2,
        2,
        2,
        1,
        null,
        1,
        1,
        null,
        null,
        null,
        1,
        null,
        1,
        2,
        null,
        null
      ],
      "/Users/matthiashaefeli/Documents/Documents - Matthias’s MacBook Pro/Devbootcamp/triunfa/superate/app/controllers/application_controller.rb": [
        null,
        null,
        1,
        null,
        null,
        1,
        null,
        1,
        null,
        null,
        1,
        1,
        null,
        null,
        1,
        null,
        1,
        0,
        null,
        0,
        0,
        null,
        null
      ],
      "/Users/matthiashaefeli/Documents/Documents - Matthias’s MacBook Pro/Devbootcamp/triunfa/superate/app/services/service_user.rb": [
        null,
        null,
        1,
        1,
        45,
        null,
        null,
        1,
        3,
        null,
        null,
        1,
        65,
        null,
        null,
        1,
        5,
        null,
        null,
        1,
        11,
        9,
        null,
        null,
        null,
        null,
        null,
        null,
        null,
        null,
        null,
        1,
        148,
        60,
        88,
        3,
        85,
        5,
        null,
        80,
        null,
        null,
        null,
        1,
        161,
        141,
        140,
        null,
        1,
        null,
        null,
        161,
        null,
        null,
        1,
        161,
        141,
        null,
        161,
        null,
        null
      ],
      "/Users/matthiashaefeli/Documents/Documents - Matthias’s MacBook Pro/Devbootcamp/triunfa/superate/spec/controllers/articles_controller_spec.rb": [
        null,
        null,
        1,
        null,
        1,
        null,
        null
      ],
      "/Users/matthiashaefeli/Documents/Documents - Matthias’s MacBook Pro/Devbootcamp/triunfa/superate/app/controllers/articles_controller.rb": [
        null,
        null,
        1,
        1,
        1,
        null,
        1,
        0,
        0,
        0,
        null,
        null,
        1,
        0,
        0,
        0,
        null,
        null,
        1,
        null,
        1,
        0,
        null,
        null
      ],
      "/Users/matthiashaefeli/Documents/Documents - Matthias’s MacBook Pro/Devbootcamp/triunfa/superate/spec/controllers/assignments_controller_spec.rb": [
        null,
        null,
        1,
        null,
        1,
        null,
        4,
        3,
        3,
        4,
        null,
        3,
        1,
        2,
        null,
        1,
        1,
        1,
        1,
        1,
        null,
        null,
        1,
        1,
        1,
        1,
        1,
        null,
        null,
        1,
        1,
        1,
        1,
        null,
        null
      ],
      "/Users/matthiashaefeli/Documents/Documents - Matthias’s MacBook Pro/Devbootcamp/triunfa/superate/app/controllers/assignments_controller.rb": [
        null,
        null,
        1,
        1,
        1,
        1,
        1,
        1,
        1,
        null,
        null,
        1,
        1,
        1,
        null,
        null,
        1,
        1,
        1,
        1,
        1,
        null,
        null,
        1,
        null,
        1,
        1,
        null,
        null
      ],
      "/Users/matthiashaefeli/Documents/Documents - Matthias’s MacBook Pro/Devbootcamp/triunfa/superate/spec/controllers/calendars_controller_spec.rb": [
        null,
        null,
        1,
        null,
        1,
        2,
        null,
        null,
        1,
        1,
        1,
        null,
        null,
        1,
        1,
        1,
        1,
        null,
        null,
        null
      ],
      "/Users/matthiashaefeli/Documents/Documents - Matthias’s MacBook Pro/Devbootcamp/triunfa/superate/app/controllers/calendars_controller.rb": [
        null,
        null,
        1,
        1,
        1,
        1,
        1,
        1,
        null,
        null
      ],
      "/Users/matthiashaefeli/Documents/Documents - Matthias’s MacBook Pro/Devbootcamp/triunfa/superate/spec/controllers/chats_controller_spec.rb": [
        null,
        null,
        1,
        null,
        1,
        null,
        4,
        null,
        1,
        1,
        1,
        1,
        null,
        null,
        1,
        1,
        1,
        null,
        1,
        null,
        null,
        1,
        1,
        1,
        null,
        null,
        1,
        1,
        1,
        1,
        1,
        null,
        null,
        null
      ],
      "/Users/matthiashaefeli/Documents/Documents - Matthias’s MacBook Pro/Devbootcamp/triunfa/superate/app/controllers/chats_controller.rb": [
        null,
        null,
        1,
        1,
        null,
        1,
        3,
        3,
        3,
        3,
        null,
        null,
        null,
        1,
        1,
        1,
        1,
        1,
        1,
        1,
        null,
        null,
        null,
        1,
        1,
        3,
        null,
        null,
        1,
        3,
        null,
        null
      ],
      "/Users/matthiashaefeli/Documents/Documents - Matthias’s MacBook Pro/Devbootcamp/triunfa/superate/spec/controllers/comments_controller_spec.rb": [
        null,
        null,
        1,
        null,
        1,
        null,
        5,
        2,
        2,
        2,
        2,
        2,
        2,
        2,
        2,
        2,
        2,
        null,
        1,
        1,
        1,
        1,
        null,
        null,
        1,
        1,
        1,
        1,
        null,
        null,
        1,
        1,
        1,
        1,
        null,
        null,
        1,
        1,
        1,
        1,
        null,
        null
      ],
      "/Users/matthiashaefeli/Documents/Documents - Matthias’s MacBook Pro/Devbootcamp/triunfa/superate/app/controllers/comments_controller.rb": [
        null,
        null,
        1,
        1,
        4,
        1,
        1,
        3,
        1,
        1,
        2,
        1,
        1,
        1,
        1,
        1,
        null,
        4,
        4,
        4,
        null,
        null,
        null,
        null,
        null,
        null,
        null
      ],
      "/Users/matthiashaefeli/Documents/Documents - Matthias’s MacBook Pro/Devbootcamp/triunfa/superate/spec/controllers/comunity_controller_spec.rb": [
        null,
        null,
        1,
        null,
        1,
        2,
        null,
        null,
        1,
        1,
        1,
        1,
        null,
        null,
        null,
        null
      ],
      "/Users/matthiashaefeli/Documents/Documents - Matthias’s MacBook Pro/Devbootcamp/triunfa/superate/app/controllers/comunity_controller.rb": [
        null,
        null,
        1,
        1,
        1,
        null,
        1,
        1,
        null,
        null
      ],
      "/Users/matthiashaefeli/Documents/Documents - Matthias’s MacBook Pro/Devbootcamp/triunfa/superate/spec/controllers/conversations_controller_spec.rb": [
        null,
        null,
        1,
        null,
        1,
        null,
        5,
        5,
        4,
        2,
        1,
        null,
        1,
        1,
        1,
        1,
        null,
        null,
        1,
        1,
        1,
        1,
        null,
        null,
        1,
        1,
        1,
        1,
        1,
        null,
        null,
        1,
        1,
        1,
        1,
        1,
        null,
        null
      ],
      "/Users/matthiashaefeli/Documents/Documents - Matthias’s MacBook Pro/Devbootcamp/triunfa/superate/app/controllers/conversations_controller.rb": [
        null,
        null,
        1,
        1,
        2,
        2,
        2,
        1,
        1,
        1,
        1,
        null,
        1,
        1,
        1,
        1,
        null,
        2,
        null,
        null,
        null,
        null,
        null,
        null,
        null,
        1,
        2,
        2,
        1,
        null,
        1,
        null,
        2,
        2,
        2,
        null,
        2,
        2,
        1,
        1,
        1,
        null,
        1,
        null,
        null,
        null,
        1,
        null,
        null,
        null
      ],
      "/Users/matthiashaefeli/Documents/Documents - Matthias’s MacBook Pro/Devbootcamp/triunfa/superate/spec/controllers/courses_controller_spec.rb": [
        null,
        null,
        1,
        null,
        1,
        3,
        11,
        null,
        1,
        1,
        1,
        1,
        1,
        null,
        null,
        1,
        1,
        1,
        null,
        null,
        1,
        1,
        1,
        1,
        null,
        null,
        1,
        1,
        1,
        1,
        null,
        null,
        1,
        1,
        1,
        1,
        1,
        null,
        null,
        1,
        1,
        1,
        1,
        1,
        null,
        null,
        1,
        1,
        1,
        1,
        1,
        null,
        null,
        1,
        1,
        1,
        1,
        1,
        null,
        null,
        1,
        1,
        1,
        null,
        null,
        null,
        null,
        null,
        null,
        null,
        null,
        null,
        null,
        null,
        null,
        null,
        null,
        null,
        null,
        1,
        1,
        1,
        1,
        1,
        1,
        null,
        null,
        1,
        1,
        1,
        1,
        1,
        1,
        null,
        null,
        1,
        1,
        1,
        1,
        1,
        1,
        null,
        null
      ],
      "/Users/matthiashaefeli/Documents/Documents - Matthias’s MacBook Pro/Devbootcamp/triunfa/superate/app/controllers/courses_controller.rb": [
        null,
        null,
        1,
        1,
        1,
        1,
        1,
        1,
        1,
        1,
        1,
        0,
        null,
        null,
        null,
        null,
        1,
        null,
        null,
        1,
        2,
        2,
        1,
        null,
        1,
        null,
        null,
        null,
        1,
        1,
        null,
        null,
        null,
        null,
        null,
        null,
        1,
        1,
        1,
        1,
        1,
        null,
        null,
        null,
        null,
        null,
        1,
        1,
        1,
        null,
        null,
        1,
        1,
        1,
        1,
        null,
        null,
        null,
        null,
        null,
        1,
        1,
        3,
        null,
        null
      ],
      "/Users/matthiashaefeli/Documents/Documents - Matthias’s MacBook Pro/Devbootcamp/triunfa/superate/spec/controllers/events_controller_spec.rb": [
        null,
        null,
        1,
        null,
        1,
        4,
        null,
        null,
        1,
        1,
        1,
        null,
        null,
        1,
        1,
        1,
        1,
        null,
        null,
        1,
        1,
        1,
        null,
        null,
        1,
        1,
        1,
        1,
        1,
        null,
        null,
        1,
        1,
        1,
        1,
        1,
        null,
        null
      ],
      "/Users/matthiashaefeli/Documents/Documents - Matthias’s MacBook Pro/Devbootcamp/triunfa/superate/app/controllers/events_controller.rb": [
        null,
        null,
        1,
        1,
        1,
        3,
        3,
        3,
        3,
        null,
        null,
        1,
        1,
        null,
        null,
        1,
        1,
        1,
        null,
        null,
        1,
        null,
        1,
        3,
        null,
        null
      ],
      "/Users/matthiashaefeli/Documents/Documents - Matthias’s MacBook Pro/Devbootcamp/triunfa/superate/spec/controllers/finished_assignments_controller_spec.rb": [
        null,
        null,
        1,
        null,
        1,
        null,
        4,
        null,
        null,
        3,
        2,
        3,
        3,
        3,
        1,
        3,
        1,
        1,
        null,
        1,
        1,
        1,
        1,
        null,
        null,
        1,
        1,
        1,
        1,
        1,
        null,
        null,
        1,
        1,
        1,
        1,
        1,
        1,
        1,
        null,
        null
      ],
      "/Users/matthiashaefeli/Documents/Documents - Matthias’s MacBook Pro/Devbootcamp/triunfa/superate/app/controllers/finished_assignments_controller.rb": [
        null,
        null,
        1,
        1,
        1,
        1,
        1,
        null,
        null,
        1,
        1,
        1,
        1,
        1,
        1,
        1,
        1,
        null,
        null,
        1,
        null,
        null,
        1,
        1,
        1,
        1,
        1,
        1,
        null,
        null
      ],
      "/Users/matthiashaefeli/Documents/Documents - Matthias’s MacBook Pro/Devbootcamp/triunfa/superate/spec/controllers/flyers_controller_spec.rb": [
        null,
        null,
        1,
        null,
        1,
        4,
        null,
        1,
        1,
        1,
        1,
        null,
        null,
        1,
        null,
        null,
        1,
        1,
        1,
        1,
        1,
        null,
        null,
        1,
        1,
        1,
        1,
        null,
        null,
        1,
        1,
        null,
        null
      ],
      "/Users/matthiashaefeli/Documents/Documents - Matthias’s MacBook Pro/Devbootcamp/triunfa/superate/app/controllers/flyers_controller.rb": [
        null,
        null,
        1,
        1,
        3,
        3,
        2,
        null,
        1,
        null,
        null,
        null,
        1,
        1,
        1,
        null,
        null,
        1,
        null,
        1,
        3,
        null,
        null
      ],
      "/Users/matthiashaefeli/Documents/Documents - Matthias’s MacBook Pro/Devbootcamp/triunfa/superate/spec/controllers/folders_controller_spec.rb": [
        null,
        null,
        1,
        null,
        1,
        1,
        4,
        null,
        null,
        null,
        null,
        1,
        1,
        1,
        1,
        1,
        null,
        null,
        1,
        1,
        1,
        1,
        1,
        1,
        null,
        null,
        1,
        1,
        1,
        1,
        1,
        null,
        null
      ],
      "/Users/matthiashaefeli/Documents/Documents - Matthias’s MacBook Pro/Devbootcamp/triunfa/superate/app/controllers/folders_controller.rb": [
        null,
        null,
        1,
        1,
        2,
        2,
        0,
        null,
        2,
        1,
        null,
        1,
        null,
        null,
        null,
        1,
        1,
        1,
        null,
        null
      ],
      "/Users/matthiashaefeli/Documents/Documents - Matthias’s MacBook Pro/Devbootcamp/triunfa/superate/spec/controllers/grammar_controller_spec.rb": [
        null,
        null,
        1,
        null,
        1,
        null,
        null
      ],
      "/Users/matthiashaefeli/Documents/Documents - Matthias’s MacBook Pro/Devbootcamp/triunfa/superate/app/controllers/grammar_controller.rb": [
        null,
        null,
        1,
        1,
        1,
        0,
        0,
        null,
        0,
        null,
        null,
        0,
        0,
        0,
        0,
        null,
        null,
        null,
        null
      ],
      "/Users/matthiashaefeli/Documents/Documents - Matthias’s MacBook Pro/Devbootcamp/triunfa/superate/spec/controllers/groseries_controller_spec.rb": [
        null,
        null,
        1,
        null,
        1,
        5,
        null,
        null,
        1,
        1,
        1,
        null,
        null,
        1,
        1,
        1,
        1,
        null,
        null,
        1,
        1,
        1,
        1,
        null,
        null,
        1,
        1,
        1,
        1,
        1,
        null,
        null,
        1,
        1,
        1,
        1,
        1,
        null,
        null
      ],
      "/Users/matthiashaefeli/Documents/Documents - Matthias’s MacBook Pro/Devbootcamp/triunfa/superate/app/controllers/groseries_controller.rb": [
        null,
        null,
        1,
        1,
        1,
        1,
        null,
        null,
        1,
        3,
        3,
        3,
        3,
        0,
        0,
        null,
        null,
        3,
        null,
        null,
        null,
        1,
        1,
        1,
        1,
        1,
        null,
        null,
        null,
        1,
        1,
        1,
        null,
        null,
        1,
        null,
        1,
        3,
        null,
        null
      ],
      "/Users/matthiashaefeli/Documents/Documents - Matthias’s MacBook Pro/Devbootcamp/triunfa/superate/spec/controllers/groups_controller_spec.rb": [
        null,
        null,
        1,
        null,
        1,
        2,
        6,
        7,
        1,
        6,
        6,
        4,
        1,
        null,
        1,
        1,
        1,
        1,
        1,
        null,
        null,
        1,
        1,
        1,
        1,
        null,
        null,
        null,
        1,
        null,
        null,
        1,
        1,
        1,
        1,
        null,
        null,
        null,
        1,
        null,
        null,
        1,
        1,
        1,
        1,
        1,
        null,
        null,
        1,
        1,
        1,
        1,
        1,
        null,
        null,
        1,
        1,
        1,
        1,
        1,
        1,
        null,
        null,
        null,
        null,
        1,
        null,
        null,
        null
      ],
      "/Users/matthiashaefeli/Documents/Documents - Matthias’s MacBook Pro/Devbootcamp/triunfa/superate/app/controllers/groups_controller.rb": [
        null,
        null,
        1,
        1,
        1,
        null,
        1,
        1,
        1,
        1,
        1,
        0,
        null,
        null,
        null,
        null,
        1,
        null,
        null,
        1,
        2,
        2,
        2,
        null,
        null,
        null,
        null,
        null,
        null,
        null,
        2,
        1,
        1,
        null,
        1,
        null,
        null,
        null,
        1,
        1,
        1,
        1,
        1,
        1,
        0,
        null,
        null,
        null,
        null,
        1,
        1,
        null,
        null,
        1,
        1,
        1,
        1,
        1,
        1,
        0,
        0,
        null,
        1,
        1,
        null,
        1,
        1,
        null,
        1,
        null,
        null,
        null,
        null,
        null,
        null,
        null,
        null,
        1,
        1,
        null,
        null,
        1,
        1,
        25,
        null,
        null,
        1,
        1,
        null,
        null,
        1,
        1,
        null,
        null
      ],
      "/Users/matthiashaefeli/Documents/Documents - Matthias’s MacBook Pro/Devbootcamp/triunfa/superate/spec/controllers/libraries_controller_spec.rb": [
        null,
        null,
        1,
        null,
        1,
        2,
        null,
        null,
        2,
        null,
        1,
        1,
        null,
        1,
        1,
        1,
        1,
        null,
        null,
        1,
        1,
        1,
        null,
        null,
        1,
        1,
        1,
        1,
        null,
        null,
        null
      ],
      "/Users/matthiashaefeli/Documents/Documents - Matthias’s MacBook Pro/Devbootcamp/triunfa/superate/app/controllers/libraries_controller.rb": [
        null,
        null,
        1,
        1,
        1,
        1,
        1,
        1,
        1,
        null,
        null
      ],
      "/Users/matthiashaefeli/Documents/Documents - Matthias’s MacBook Pro/Devbootcamp/triunfa/superate/spec/controllers/likes_controller_spec.rb": [
        null,
        null,
        1,
        null,
        1,
        null,
        5,
        2,
        2,
        2,
        2,
        2,
        2,
        2,
        2,
        2,
        2,
        null,
        1,
        1,
        1,
        1,
        null,
        null,
        1,
        1,
        1,
        1,
        null,
        null,
        1,
        1,
        1,
        1,
        null,
        null,
        1,
        1,
        1,
        1,
        null,
        null,
        null
      ],
      "/Users/matthiashaefeli/Documents/Documents - Matthias’s MacBook Pro/Devbootcamp/triunfa/superate/app/controllers/likes_controller.rb": [
        null,
        null,
        1,
        1,
        1,
        4,
        4,
        4,
        4,
        null,
        null,
        null
      ],
      "/Users/matthiashaefeli/Documents/Documents - Matthias’s MacBook Pro/Devbootcamp/triunfa/superate/app/services/service_like.rb": [
        null,
        null,
        1,
        1,
        5,
        1,
        4,
        1,
        3,
        1,
        2,
        1,
        1,
        1,
        null,
        null,
        null
      ],
      "/Users/matthiashaefeli/Documents/Documents - Matthias’s MacBook Pro/Devbootcamp/triunfa/superate/spec/controllers/links_controller_spec.rb": [
        null,
        null,
        1,
        null,
        1,
        5,
        null,
        1,
        1,
        null,
        1,
        null,
        null,
        1,
        1,
        1,
        1,
        null,
        1,
        null,
        null,
        1,
        1,
        1,
        1,
        null,
        1,
        null,
        null,
        1,
        1,
        1,
        1,
        null,
        1,
        null,
        null,
        1,
        1,
        1,
        1,
        null,
        1,
        1,
        null,
        null
      ],
      "/Users/matthiashaefeli/Documents/Documents - Matthias’s MacBook Pro/Devbootcamp/triunfa/superate/app/controllers/links_controller.rb": [
        null,
        null,
        1,
        1,
        1,
        4,
        4,
        null,
        null,
        1,
        1,
        1,
        1,
        null,
        null,
        1,
        null,
        1,
        4,
        null,
        null
      ],
      "/Users/matthiashaefeli/Documents/Documents - Matthias’s MacBook Pro/Devbootcamp/triunfa/superate/spec/controllers/map_controller_spec.rb": [
        null,
        null,
        1,
        null,
        1,
        null,
        null
      ],
      "/Users/matthiashaefeli/Documents/Documents - Matthias’s MacBook Pro/Devbootcamp/triunfa/superate/app/controllers/map_controller.rb": [
        null,
        null,
        1,
        null
      ],
      "/Users/matthiashaefeli/Documents/Documents - Matthias’s MacBook Pro/Devbootcamp/triunfa/superate/spec/controllers/messages_controller_spec.rb": [
        null,
        null,
        1,
        null,
        1,
        null,
        4,
        5,
        5,
        5,
        5,
        5,
        1,
        1,
        1,
        null,
        null,
        1,
        1,
        1,
        1,
        null,
        null,
        1,
        1,
        1,
        1,
        null,
        null,
        1,
        1,
        1,
        1,
        1,
        null,
        null,
        null
      ],
      "/Users/matthiashaefeli/Documents/Documents - Matthias’s MacBook Pro/Devbootcamp/triunfa/superate/app/controllers/messages_controller.rb": [
        null,
        null,
        1,
        1,
        1,
        3,
        3,
        null,
        null,
        null,
        null,
        null,
        3,
        3,
        null,
        null,
        null,
        null,
        1,
        1,
        1,
        1,
        1,
        1,
        1,
        null,
        null,
        null,
        1,
        null,
        1,
        3,
        null,
        null
      ],
      "/Users/matthiashaefeli/Documents/Documents - Matthias’s MacBook Pro/Devbootcamp/triunfa/superate/spec/controllers/model_mailer_controller_spec.rb": [
        null,
        null,
        1,
        null,
        1,
        null,
        3,
        null,
        null,
        1,
        1,
        1,
        1,
        1,
        null,
        null,
        1,
        1,
        1,
        1,
        null,
        null,
        null
      ],
      "/Users/matthiashaefeli/Documents/Documents - Matthias’s MacBook Pro/Devbootcamp/triunfa/superate/app/controllers/model_mailer_controller.rb": [
        null,
        null,
        1,
        1,
        1,
        1,
        1,
        null,
        null,
        1,
        0,
        0,
        0,
        0,
        null,
        0,
        null,
        null
      ],
      "/Users/matthiashaefeli/Documents/Documents - Matthias’s MacBook Pro/Devbootcamp/triunfa/superate/spec/controllers/papers_controller_spec.rb": [
        null,
        null,
        1,
        null,
        1,
        5,
        1,
        5,
        null,
        1,
        1,
        1,
        1,
        1,
        null,
        null,
        1,
        1,
        1,
        1,
        1,
        null,
        null,
        1,
        1,
        1,
        1,
        1,
        1,
        null,
        null,
        1,
        1,
        1,
        1,
        1,
        1,
        null,
        null,
        null
      ],
      "/Users/matthiashaefeli/Documents/Documents - Matthias’s MacBook Pro/Devbootcamp/triunfa/superate/app/controllers/papers_controller.rb": [
        null,
        null,
        1,
        1,
        2,
        2,
        2,
        2,
        1,
        null,
        1,
        null,
        null,
        null,
        1,
        1,
        1,
        null,
        null,
        1,
        1,
        1,
        1,
        null,
        null,
        null,
        null,
        null,
        1,
        null,
        1,
        2,
        null,
        null
      ],
      "/Users/matthiashaefeli/Documents/Documents - Matthias’s MacBook Pro/Devbootcamp/triunfa/superate/spec/controllers/publications_controller_spec.rb": [
        null,
        null,
        1,
        null,
        1,
        4,
        5,
        null,
        1,
        1,
        1,
        1,
        null,
        null,
        1,
        1,
        1,
        1,
        null,
        null,
        1,
        1,
        1,
        null,
        null,
        1,
        1,
        1,
        1,
        1,
        null,
        null,
        null
      ],
      "/Users/matthiashaefeli/Documents/Documents - Matthias’s MacBook Pro/Devbootcamp/triunfa/superate/app/controllers/publications_controller.rb": [
        null,
        null,
        1,
        1,
        1,
        1,
        0,
        0,
        null,
        0,
        null,
        0,
        0,
        0,
        0,
        null,
        null,
        1,
        3,
        3,
        3,
        3,
        3,
        3,
        null,
        null,
        null,
        1,
        1,
        1,
        1,
        1,
        1,
        1,
        null,
        null,
        null,
        1,
        null,
        1,
        3,
        null,
        null,
        1,
        3,
        null,
        null,
        null
      ],
      "/Users/matthiashaefeli/Documents/Documents - Matthias’s MacBook Pro/Devbootcamp/triunfa/superate/spec/controllers/resources_controller_spec.rb": [
        null,
        null,
        1,
        null,
        1,
        7,
        null,
        1,
        1,
        1,
        1,
        1,
        null,
        null,
        1,
        1,
        1,
        1,
        null,
        null,
        1,
        1,
        1,
        null,
        null,
        1,
        1,
        1,
        1,
        null,
        null,
        1,
        1,
        1,
        1,
        null,
        1,
        null,
        null,
        1,
        1,
        1,
        1,
        1,
        null,
        null,
        1,
        1,
        1,
        1,
        null,
        1,
        1,
        null,
        null
      ],
      "/Users/matthiashaefeli/Documents/Documents - Matthias’s MacBook Pro/Devbootcamp/triunfa/superate/app/controllers/resources_controller.rb": [
        null,
        null,
        1,
        1,
        1,
        1,
        1,
        1,
        null,
        null,
        1,
        3,
        3,
        null,
        null,
        1,
        1,
        1,
        1,
        null,
        null,
        1,
        null,
        1,
        3,
        null,
        null
      ],
      "/Users/matthiashaefeli/Documents/Documents - Matthias’s MacBook Pro/Devbootcamp/triunfa/superate/spec/controllers/sentences_controller_spec.rb": [
        null,
        null,
        1,
        null,
        1,
        4,
        null,
        1,
        1,
        1,
        1,
        1,
        null,
        null,
        1,
        1,
        1,
        null,
        null,
        1,
        1,
        1,
        1,
        null,
        null,
        1,
        1,
        1,
        1,
        1,
        1,
        null,
        null,
        null
      ],
      "/Users/matthiashaefeli/Documents/Documents - Matthias’s MacBook Pro/Devbootcamp/triunfa/superate/app/controllers/sentences_controller.rb": [
        null,
        null,
        1,
        1,
        1,
        2,
        2,
        null,
        null,
        1,
        1,
        1,
        1,
        1,
        null,
        null,
        1,
        null,
        1,
        3,
        null,
        null
      ],
      "/Users/matthiashaefeli/Documents/Documents - Matthias’s MacBook Pro/Devbootcamp/triunfa/superate/spec/controllers/spaces_controller_spec.rb": [
        null,
        null,
        1,
        null,
        1,
        6,
        null,
        1,
        1,
        1,
        1,
        null,
        null,
        1,
        1,
        1,
        null,
        null,
        1,
        1,
        1,
        1,
        null,
        null,
        1,
        1,
        1,
        1,
        1,
        null,
        null,
        1,
        1,
        1,
        1,
        1,
        null,
        null,
        1,
        1,
        1,
        1,
        1,
        null,
        null
      ],
      "/Users/matthiashaefeli/Documents/Documents - Matthias’s MacBook Pro/Devbootcamp/triunfa/superate/app/controllers/spaces_controller.rb": [
        null,
        null,
        1,
        1,
        null,
        1,
        1,
        null,
        null,
        1,
        4,
        4,
        4,
        0,
        0,
        null,
        null,
        4,
        null,
        null,
        null,
        1,
        2,
        2,
        1,
        null,
        1,
        null,
        2,
        2,
        2,
        2,
        null,
        null,
        1,
        1,
        1,
        0,
        0,
        null,
        1,
        1,
        1,
        null,
        null,
        1,
        null,
        1,
        4,
        null,
        null
      ],
      "/Users/matthiashaefeli/Documents/Documents - Matthias’s MacBook Pro/Devbootcamp/triunfa/superate/spec/controllers/tables_controller_spec.rb": [
        null,
        null,
        1,
        null,
        1,
        4,
        4,
        null,
        1,
        1,
        1,
        1,
        null,
        null,
        1,
        1,
        1,
        1,
        1,
        null,
        null,
        1,
        1,
        1,
        1,
        1,
        null,
        null
      ],
      "/Users/matthiashaefeli/Documents/Documents - Matthias’s MacBook Pro/Devbootcamp/triunfa/superate/app/controllers/tables_controller.rb": [
        null,
        null,
        1,
        1,
        3,
        3,
        1,
        1,
        null,
        null,
        1,
        null,
        2,
        null,
        null,
        null,
        1,
        null,
        1,
        3,
        1,
        2,
        1,
        null,
        1,
        null,
        null
      ],
      "/Users/matthiashaefeli/Documents/Documents - Matthias’s MacBook Pro/Devbootcamp/triunfa/superate/spec/controllers/talks_controller_spec.rb": [
        null,
        null,
        1,
        null,
        1,
        4,
        null,
        1,
        1,
        1,
        1,
        null,
        null,
        1,
        1,
        1,
        1,
        null,
        null,
        1,
        1,
        1,
        1,
        1,
        null,
        null,
        null
      ],
      "/Users/matthiashaefeli/Documents/Documents - Matthias’s MacBook Pro/Devbootcamp/triunfa/superate/app/controllers/talks_controller.rb": [
        null,
        null,
        1,
        1,
        3,
        3,
        3,
        3,
        null,
        null,
        null,
        1,
        1,
        1,
        1,
        1,
        1,
        1,
        null,
        null,
        null,
        1,
        1,
        3,
        null,
        null,
        1,
        3,
        null,
        null
      ],
      "/Users/matthiashaefeli/Documents/Documents - Matthias’s MacBook Pro/Devbootcamp/triunfa/superate/spec/controllers/tasks_controller_spec.rb": [
        null,
        null,
        1,
        null,
        1,
        3,
        4,
        null,
        null,
        null,
        4,
        4,
        4,
        null,
        1,
        1,
        1,
        1,
        null,
        null,
        1,
        1,
        1,
        1,
        null,
        null,
        1,
        1,
        1,
        1,
        null,
        null,
        1,
        1,
        1,
        1,
        1,
        1,
        null,
        null,
        null
      ],
      "/Users/matthiashaefeli/Documents/Documents - Matthias’s MacBook Pro/Devbootcamp/triunfa/superate/app/controllers/tasks_controller.rb": [
        null,
        null,
        1,
        1,
        1,
        1,
        1,
        1,
        1,
        1,
        null,
        null,
        1,
        2,
        2,
        2,
        2,
        2,
        2,
        2,
        null,
        null,
        1,
        1,
        1,
        1,
        null,
        null,
        1,
        1,
        2,
        null,
        null
      ],
      "/Users/matthiashaefeli/Documents/Documents - Matthias’s MacBook Pro/Devbootcamp/triunfa/superate/spec/controllers/teachers_controller_spec.rb": [
        null,
        null,
        1,
        null,
        1,
        9,
        null,
        null,
        6,
        1,
        null,
        1,
        1,
        1,
        1,
        null,
        null,
        1,
        1,
        1,
        1,
        null,
        null,
        1,
        1,
        1,
        1,
        null,
        null,
        1,
        1,
        1,
        1,
        1,
        null,
        null,
        1,
        1,
        1,
        1,
        1,
        null,
        null,
        1,
        1,
        1,
        1,
        1,
        1,
        null,
        null,
        1,
        1,
        1,
        1,
        1,
        1,
        null,
        null,
        1,
        1,
        1,
        1,
        1,
        1,
        null,
        null,
        1,
        1,
        1,
        1,
        1,
        1,
        1,
        null,
        null
      ],
      "/Users/matthiashaefeli/Documents/Documents - Matthias’s MacBook Pro/Devbootcamp/triunfa/superate/app/controllers/teachers_controller.rb": [
        null,
        null,
        1,
        1,
        1,
        1,
        2,
        1,
        null,
        1,
        null,
        2,
        2,
        2,
        2,
        2,
        2,
        2,
        0,
        null,
        null,
        null,
        null,
        1,
        null,
        null,
        1,
        2,
        2,
        1,
        1,
        1,
        null,
        1,
        null,
        null,
        null,
        1,
        1,
        null,
        null,
        1,
        1,
        null,
        null,
        1,
        1,
        1,
        1,
        1,
        1,
        null,
        null,
        1,
        3,
        3,
        2,
        null,
        1,
        null,
        3,
        3,
        0,
        null,
        3,
        null,
        null,
        null,
        1,
        1,
        2,
        null,
        null
      ],
      "/Users/matthiashaefeli/Documents/Documents - Matthias’s MacBook Pro/Devbootcamp/triunfa/superate/spec/controllers/todos_controller_spec.rb": [
        null,
        null,
        1,
        null,
        1,
        5,
        null,
        null,
        1,
        1,
        1,
        null,
        null,
        1,
        1,
        1,
        1,
        null,
        null,
        1,
        1,
        1,
        1,
        null,
        null,
        1,
        1,
        1,
        1,
        1,
        null,
        null,
        1,
        1,
        1,
        1,
        1,
        null,
        null,
        null
      ],
      "/Users/matthiashaefeli/Documents/Documents - Matthias’s MacBook Pro/Devbootcamp/triunfa/superate/app/controllers/todos_controller.rb": [
        null,
        null,
        1,
        1,
        1,
        1,
        null,
        null,
        1,
        3,
        3,
        3,
        3,
        0,
        0,
        null,
        null,
        3,
        null,
        null,
        null,
        1,
        1,
        1,
        1,
        1,
        null,
        null,
        null,
        1,
        1,
        1,
        null,
        null,
        1,
        null,
        1,
        3,
        null,
        null
      ],
      "/Users/matthiashaefeli/Documents/Documents - Matthias’s MacBook Pro/Devbootcamp/triunfa/superate/spec/controllers/translate_controller_spec.rb": [
        null,
        null,
        1,
        null,
        1,
        2,
        null,
        1,
        1,
        1,
        null,
        null,
        1,
        1,
        1,
        1,
        null,
        null
      ],
      "/Users/matthiashaefeli/Documents/Documents - Matthias’s MacBook Pro/Devbootcamp/triunfa/superate/app/controllers/translate_controller.rb": [
        null,
        null,
        1,
        1,
        1,
        null,
        1,
        1,
        1,
        1,
        null,
        1,
        1,
        1,
        2,
        null,
        null,
        null,
        null
      ],
      "/Users/matthiashaefeli/Documents/Documents - Matthias’s MacBook Pro/Devbootcamp/triunfa/superate/spec/controllers/weather_controller_spec.rb": [
        null,
        null,
        1,
        null,
        1,
        2,
        null,
        1,
        1,
        1,
        null,
        null,
        1,
        1,
        1,
        1,
        null,
        null
      ],
      "/Users/matthiashaefeli/Documents/Documents - Matthias’s MacBook Pro/Devbootcamp/triunfa/superate/app/controllers/weather_controller.rb": [
        null,
        null,
        1,
        1,
        1,
        1,
        1,
        null,
        1,
        1,
        1,
        1,
        1,
        null,
        null
      ],
      "/Users/matthiashaefeli/Documents/Documents - Matthias’s MacBook Pro/Devbootcamp/triunfa/superate/spec/controllers/welcome_controller_spec.rb": [
        null,
        null,
        1,
        null,
        1,
        null,
        12,
        null,
        null,
        null,
        null,
        null,
        1,
        1,
        1,
        1,
        1,
        null,
        null,
        null,
        1,
        1,
        1,
        null,
        null,
        1,
        1,
        1,
        null,
        null,
        1,
        1,
        1,
        1,
        1,
        1,
        null,
        null,
        1,
        1,
        1,
        1,
        1,
        1,
        null,
        null,
        1,
        1,
        1,
        1,
        null,
        null,
        null,
        null,
        null,
        null,
        null,
        1,
        null,
        null,
        1,
        1,
        1,
        1,
        1,
        null,
        null,
        1,
        1,
        1,
        null,
        null,
        1,
        1,
        1,
        1,
        1,
        1,
        1,
        1,
        1,
        null,
        null,
        1,
        1,
        1,
        1,
        1,
        null,
        null,
        1,
        1,
        1,
        1,
        1,
        1,
        1,
        null,
        null,
        1,
        1,
        1,
        1,
        null,
        null,
        null
      ],
      "/Users/matthiashaefeli/Documents/Documents - Matthias’s MacBook Pro/Devbootcamp/triunfa/superate/app/controllers/welcome_controller.rb": [
        null,
        null,
        1,
        1,
        1,
        2,
        1,
        null,
        1,
        null,
        2,
        2,
        2,
        2,
        2,
        2,
        2,
        2,
        2,
        2,
        1,
        null,
        null,
        null,
        1,
        1,
        null,
        null,
        1,
        4,
        2,
        2,
        1,
        1,
        1,
        null,
        1,
        null,
        null,
        2,
        1,
        1,
        1,
        1,
        null,
        1,
        1,
        1,
        1,
        null,
        null,
        null,
        1,
        1,
        null,
        null,
        1,
        4,
        3,
        null,
        null,
        3,
        null,
        4,
        null,
        null,
        1,
        null,
        1,
        3,
        3,
        3,
        null,
        null,
        1,
        1,
        null,
        null,
        null,
        null
      ],
      "/Users/matthiashaefeli/Documents/Documents - Matthias’s MacBook Pro/Devbootcamp/triunfa/superate/spec/features/home_spec.rb": [
        null,
        null,
        null,
        null,
        null,
        null,
        null,
        null,
        null,
        null,
        null,
        null,
        null,
        null,
        null,
        null,
        null,
        null,
        null,
        null
      ],
      "/Users/matthiashaefeli/Documents/Documents - Matthias’s MacBook Pro/Devbootcamp/triunfa/superate/spec/helpers/admins_helper_spec.rb": [
        null,
        null,
        1,
        null,
        null,
        null,
        null,
        null,
        null,
        null,
        null,
        null,
        null,
        null,
        1,
        null,
        null
      ],
      "/Users/matthiashaefeli/Documents/Documents - Matthias’s MacBook Pro/Devbootcamp/triunfa/superate/spec/helpers/articles_helper_spec.rb": [
        null,
        null,
        1,
        null,
        null,
        null,
        null,
        null,
        null,
        null,
        null,
        null,
        null,
        null,
        1,
        null,
        null
      ],
      "/Users/matthiashaefeli/Documents/Documents - Matthias’s MacBook Pro/Devbootcamp/triunfa/superate/spec/helpers/assignments_helper_spec.rb": [
        null,
        null,
        1,
        null,
        1,
        1,
        1,
        1,
        1,
        null,
        null,
        1,
        1,
        1,
        null,
        null,
        null
      ],
      "/Users/matthiashaefeli/Documents/Documents - Matthias’s MacBook Pro/Devbootcamp/triunfa/superate/spec/helpers/calendars_helper_spec.rb": [
        null,
        null,
        1,
        null,
        null,
        null,
        null,
        null,
        null,
        null,
        null,
        null,
        null,
        null,
        1,
        null,
        null
      ],
      "/Users/matthiashaefeli/Documents/Documents - Matthias’s MacBook Pro/Devbootcamp/triunfa/superate/spec/helpers/comments_helper_spec.rb": [
        null,
        null,
        1,
        null,
        null,
        null,
        null,
        null,
        null,
        null,
        null,
        null,
        null,
        null,
        1,
        null,
        null
      ],
      "/Users/matthiashaefeli/Documents/Documents - Matthias’s MacBook Pro/Devbootcamp/triunfa/superate/spec/helpers/comunity_helper_spec.rb": [
        null,
        null,
        1,
        null,
        null,
        null,
        null,
        null,
        null,
        null,
        null,
        null,
        null,
        null,
        1,
        null,
        null
      ],
      "/Users/matthiashaefeli/Documents/Documents - Matthias’s MacBook Pro/Devbootcamp/triunfa/superate/spec/helpers/conversations_helper_spec.rb": [
        null,
        null,
        1,
        null,
        null,
        null,
        null,
        null,
        null,
        null,
        null,
        null,
        null,
        null,
        1,
        null,
        null
      ],
      "/Users/matthiashaefeli/Documents/Documents - Matthias’s MacBook Pro/Devbootcamp/triunfa/superate/spec/helpers/events_helper_spec.rb": [
        null,
        null,
        1,
        null,
        null,
        null,
        null,
        null,
        null,
        null,
        null,
        null,
        null,
        null,
        1,
        null,
        null
      ],
      "/Users/matthiashaefeli/Documents/Documents - Matthias’s MacBook Pro/Devbootcamp/triunfa/superate/spec/helpers/finished_assignments_helper_spec.rb": [
        null,
        null,
        1,
        null,
        1,
        1,
        3,
        3,
        3,
        3,
        3,
        3,
        3,
        3,
        3,
        3,
        3,
        null,
        null,
        1,
        1,
        1,
        null,
        null,
        null,
        1,
        1,
        1,
        1,
        null,
        null,
        null,
        1,
        1,
        1,
        1,
        null,
        null,
        null
      ],
      "/Users/matthiashaefeli/Documents/Documents - Matthias’s MacBook Pro/Devbootcamp/triunfa/superate/spec/helpers/flyers_helper_spec.rb": [
        null,
        null,
        1,
        null,
        null,
        null,
        null,
        null,
        null,
        null,
        null,
        null,
        null,
        null,
        1,
        null,
        null
      ],
      "/Users/matthiashaefeli/Documents/Documents - Matthias’s MacBook Pro/Devbootcamp/triunfa/superate/spec/helpers/folders_helper_spec.rb": [
        null,
        null,
        1,
        null,
        null,
        null,
        null,
        null,
        null,
        null,
        null,
        null,
        null,
        null,
        1,
        null,
        null
      ],
      "/Users/matthiashaefeli/Documents/Documents - Matthias’s MacBook Pro/Devbootcamp/triunfa/superate/spec/helpers/grammar_helper_spec.rb": [
        null,
        null,
        1,
        null,
        null,
        null,
        null,
        null,
        null,
        null,
        null,
        null,
        null,
        null,
        1,
        null,
        null
      ],
      "/Users/matthiashaefeli/Documents/Documents - Matthias’s MacBook Pro/Devbootcamp/triunfa/superate/spec/helpers/groseries_helper_spec.rb": [
        null,
        null,
        1,
        null,
        null,
        null,
        null,
        null,
        null,
        null,
        null,
        null,
        null,
        null,
        1,
        null,
        null
      ],
      "/Users/matthiashaefeli/Documents/Documents - Matthias’s MacBook Pro/Devbootcamp/triunfa/superate/spec/helpers/groups_helper_spec.rb": [
        null,
        null,
        1,
        null,
        1,
        1,
        3,
        3,
        3,
        3,
        3,
        3,
        3,
        null,
        null,
        1,
        1,
        1,
        null,
        null,
        null,
        1,
        1,
        1,
        null,
        null,
        null,
        1,
        1,
        1,
        null,
        null,
        null
      ],
      "/Users/matthiashaefeli/Documents/Documents - Matthias’s MacBook Pro/Devbootcamp/triunfa/superate/spec/helpers/libraries_helper_spec.rb": [
        null,
        null,
        1,
        null,
        null,
        null,
        null,
        null,
        null,
        null,
        null,
        null,
        null,
        null,
        1,
        null,
        null
      ],
      "/Users/matthiashaefeli/Documents/Documents - Matthias’s MacBook Pro/Devbootcamp/triunfa/superate/spec/helpers/links_helper_spec.rb": [
        null,
        null,
        1,
        null,
        null,
        null,
        null,
        null,
        null,
        null,
        null,
        null,
        null,
        null,
        1,
        null,
        null
      ],
      "/Users/matthiashaefeli/Documents/Documents - Matthias’s MacBook Pro/Devbootcamp/triunfa/superate/spec/helpers/map_helper_spec.rb": [
        null,
        null,
        1,
        null,
        null,
        null,
        null,
        null,
        null,
        null,
        null,
        null,
        null,
        null,
        1,
        null,
        null
      ],
      "/Users/matthiashaefeli/Documents/Documents - Matthias’s MacBook Pro/Devbootcamp/triunfa/superate/spec/helpers/model_mailer_helper_spec.rb": [
        null,
        null,
        1,
        null,
        null,
        null,
        null,
        null,
        null,
        null,
        null,
        null,
        null,
        null,
        1,
        null,
        null
      ],
      "/Users/matthiashaefeli/Documents/Documents - Matthias’s MacBook Pro/Devbootcamp/triunfa/superate/spec/helpers/papers_helper_spec.rb": [
        null,
        null,
        1,
        null,
        null,
        null,
        null,
        null,
        null,
        null,
        null,
        null,
        null,
        null,
        1,
        null,
        null
      ],
      "/Users/matthiashaefeli/Documents/Documents - Matthias’s MacBook Pro/Devbootcamp/triunfa/superate/spec/helpers/publications_helper_spec.rb": [
        null,
        null,
        1,
        null,
        null,
        null,
        null,
        null,
        null,
        null,
        null,
        null,
        null,
        null,
        1,
        null,
        null
      ],
      "/Users/matthiashaefeli/Documents/Documents - Matthias’s MacBook Pro/Devbootcamp/triunfa/superate/spec/helpers/resources_helper_spec.rb": [
        null,
        null,
        1,
        null,
        null,
        null,
        null,
        null,
        null,
        null,
        null,
        null,
        null,
        null,
        1,
        null,
        null
      ],
      "/Users/matthiashaefeli/Documents/Documents - Matthias’s MacBook Pro/Devbootcamp/triunfa/superate/spec/helpers/sentences_helper_spec.rb": [
        null,
        null,
        1,
        null,
        null,
        null,
        null,
        null,
        null,
        null,
        null,
        null,
        null,
        null,
        1,
        null,
        null
      ],
      "/Users/matthiashaefeli/Documents/Documents - Matthias’s MacBook Pro/Devbootcamp/triunfa/superate/spec/helpers/spaces_helper_spec.rb": [
        null,
        null,
        1,
        null,
        null,
        null,
        null,
        null,
        null,
        null,
        null,
        null,
        null,
        null,
        1,
        null,
        null
      ],
      "/Users/matthiashaefeli/Documents/Documents - Matthias’s MacBook Pro/Devbootcamp/triunfa/superate/spec/helpers/tables_helper_spec.rb": [
        null,
        null,
        1,
        null,
        1,
        null,
        null,
        null,
        null,
        null,
        null,
        null,
        null,
        null,
        null
      ],
      "/Users/matthiashaefeli/Documents/Documents - Matthias’s MacBook Pro/Devbootcamp/triunfa/superate/spec/helpers/talks_helper_spec.rb": [
        null,
        null,
        1,
        null,
        null,
        null,
        null,
        null,
        null,
        null,
        null,
        null,
        null,
        null,
        1,
        null,
        null
      ],
      "/Users/matthiashaefeli/Documents/Documents - Matthias’s MacBook Pro/Devbootcamp/triunfa/superate/spec/helpers/tasks_helper_spec.rb": [
        null,
        null,
        1,
        null,
        null,
        null,
        null,
        null,
        null,
        null,
        null,
        null,
        null,
        null,
        1,
        null,
        null
      ],
      "/Users/matthiashaefeli/Documents/Documents - Matthias’s MacBook Pro/Devbootcamp/triunfa/superate/spec/helpers/todos_helper_spec.rb": [
        null,
        null,
        1,
        null,
        null,
        null,
        null,
        null,
        null,
        null,
        null,
        null,
        null,
        null,
        1,
        null,
        null
      ],
      "/Users/matthiashaefeli/Documents/Documents - Matthias’s MacBook Pro/Devbootcamp/triunfa/superate/spec/helpers/translate_helper_spec.rb": [
        null,
        null,
        1,
        null,
        null,
        null,
        null,
        null,
        null,
        null,
        null,
        null,
        null,
        null,
        1,
        null
      ],
      "/Users/matthiashaefeli/Documents/Documents - Matthias’s MacBook Pro/Devbootcamp/triunfa/superate/spec/helpers/weather_helper_spec.rb": [
        null,
        null,
        1,
        null,
        null,
        null,
        null,
        null,
        null,
        null,
        null,
        null,
        null,
        null,
        1,
        null
      ],
      "/Users/matthiashaefeli/Documents/Documents - Matthias’s MacBook Pro/Devbootcamp/triunfa/superate/spec/helpers/welcome_helper_spec.rb": [
        null,
        null,
        1,
        null,
        null,
        1,
        1,
        7,
        7,
        7,
        7,
        7,
        7,
        7,
        7,
        7,
        7,
        7,
        null,
        null,
        1,
        1,
        1,
        null,
        null,
        null,
        1,
        1,
        1,
        null,
        null,
        1,
        1,
        null,
        null,
        1,
        1,
        null,
        null,
        1,
        1,
        null,
        null,
        null,
        1,
        1,
        1,
        1,
        1,
        null,
        null,
        null,
        1,
        1,
        1,
        1,
        null,
        null,
        null
      ],
      "/Users/matthiashaefeli/Documents/Documents - Matthias’s MacBook Pro/Devbootcamp/triunfa/superate/spec/mailers/model_mailer_spec.rb": [
        null,
        null,
        1,
        null,
        1,
        1,
        1,
        1,
        1,
        1,
        null,
        null,
        null,
        null,
        null
      ],
      "/Users/matthiashaefeli/Documents/Documents - Matthias’s MacBook Pro/Devbootcamp/triunfa/superate/app/mailers/model_mailer.rb": [
        null,
        null,
        1,
        1,
        1,
        null,
        1,
        0,
        0,
        0,
        0,
        null,
        null,
        null,
        null,
        null,
        null,
        0,
        null,
        0,
        0,
        0,
        0,
        0,
        null,
        null,
        1,
        0,
        0,
        0,
        0,
        null,
        null,
        0,
        null,
        0,
        0,
        0,
        0,
        0,
        null,
        null,
        1,
        0,
        0,
        0,
        0,
        null,
        null,
        null,
        null,
        0,
        null,
        0,
        0,
        0,
        0,
        0,
        null,
        null
      ],
      "/Users/matthiashaefeli/Documents/Documents - Matthias’s MacBook Pro/Devbootcamp/triunfa/superate/app/mailers/application_mailer.rb": [
        null,
        null,
        1,
        1,
        1,
        null
      ],
      "/Users/matthiashaefeli/Documents/Documents - Matthias’s MacBook Pro/Devbootcamp/triunfa/superate/spec/models/admin_spec.rb": [
        null,
        null,
        1,
        null,
        1,
        4,
        4,
        2,
        null,
        1,
        1,
        null,
        null,
        1,
        1,
        null,
        null,
        1,
        1,
        null,
        null,
        1,
        1,
        null,
        null
      ],
      "/Users/matthiashaefeli/Documents/Documents - Matthias’s MacBook Pro/Devbootcamp/triunfa/superate/app/models/admin.rb": [
        null,
        null,
        1,
        1,
        null
      ],
      "/Users/matthiashaefeli/Documents/Documents - Matthias’s MacBook Pro/Devbootcamp/triunfa/superate/spec/models/article_spec.rb": [
        null,
        null,
        1,
        null,
        1,
        null
      ],
      "/Users/matthiashaefeli/Documents/Documents - Matthias’s MacBook Pro/Devbootcamp/triunfa/superate/app/models/article.rb": [
        null,
        null,
        1,
        1,
        null,
        null,
[...]
        1,
        1,
        null,
        null
      ],
      "/Users/matthiashaefeli/Documents/Documents - Matthias’s MacBook Pro/Devbootcamp/triunfa/superate/app/models/conversation.rb": [
        null,
        null,
        1,
        1,
        1,
        1,
        null,
        1,
        1,
        null
      ],
      "/Users/matthiashaefeli/Documents/Documents - Matthias’s MacBook Pro/Devbootcamp/triunfa/superate/spec/models/course_spec.rb": [
        null,
        null,
        1,
        null,
        1,
        2,
        2,
        null,
        1,
        1,
        null,
        null,
        1,
        1,
        null,
        null
      ],
      "/Users/matthiashaefeli/Documents/Documents - Matthias’s MacBook Pro/Devbootcamp/triunfa/superate/app/models/course.rb": [
        null,
        null,
        1,
        1,
        null,
        null,
        null,
        null,
        null,
        null,
        null,
        null,
        1,
        null,
        1,
        null,
        null,
        null,
        null,
        null,
        null,
        null,
        null,
        1,
        null,
        null,
        null,
        null,
        null,
        1,
        null,
        null,
        null,
        1,
        1,
        null
      ],
      "/Users/matthiashaefeli/Documents/Documents - Matthias’s MacBook Pro/Devbootcamp/triunfa/superate/spec/models/event_spec.rb": [
        null,
        null,
        1,
        null,
        1,
        3,
        2,
        2,
        null,
        1,
        1,
        null,
        null,
        1,
        1,
        null,
        null,
        null
      ],
      "/Users/matthiashaefeli/Documents/Documents - Matthias’s MacBook Pro/Devbootcamp/triunfa/superate/app/models/event.rb": [
        null,
        null,
        1,
        1,
        1,
        1,
        null
      ],
      "/Users/matthiashaefeli/Documents/Documents - Matthias’s MacBook Pro/Devbootcamp/triunfa/superate/spec/models/finished_assignment_spec.rb": [
        null,
        null,
        1,
        null,
        1,
        3,
        3,
        4,
        3,
        2,
        null,
        1,
        1,
        null,
        null,
        1,
        1,
        null,
        null,
        1,
        1,
        null,
        null
      ],
      "/Users/matthiashaefeli/Documents/Documents - Matthias’s MacBook Pro/Devbootcamp/triunfa/superate/app/models/finished_assignment.rb": [
        null,
        null,
        1,
        1,
        1,
        1,
        null
      ],
      "/Users/matthiashaefeli/Documents/Documents - Matthias’s MacBook Pro/Devbootcamp/triunfa/superate/spec/models/flyer_spec.rb": [
        null,
        null,
        1,
        null,
        1,
        2,
        null,
        1,
        1,
        null,
        null
      ],
      "/Users/matthiashaefeli/Documents/Documents - Matthias’s MacBook Pro/Devbootcamp/triunfa/superate/app/models/flyer.rb": [
        null,
        null,
        1,
        1,
        null,
        null,
        null,
        null,
        null,
        null,
        null,
        null,
        null,
        1,
        1,
        null,
        1,
        null
      ],
      "/Users/matthiashaefeli/Documents/Documents - Matthias’s MacBook Pro/Devbootcamp/triunfa/superate/spec/models/folder_spec.rb": [
        null,
        null,
        1,
        null,
        1,
        2,
        2,
        null,
        1,
        1,
        null,
        null,
        1,
        1,
        null,
        null
      ],
      "/Users/matthiashaefeli/Documents/Documents - Matthias’s MacBook Pro/Devbootcamp/triunfa/superate/app/models/folder.rb": [
        null,
        null,
        1,
        1,
        null,
        1,
        null
      ],
      "/Users/matthiashaefeli/Documents/Documents - Matthias’s MacBook Pro/Devbootcamp/triunfa/superate/spec/models/grosery_spec.rb": [
        null,
        null,
        1,
        null,
        1,
        2,
        2,
        2,
        null,
        1,
        1,
        null,
        null,
        1,
        1,
        null,
        null,
        null
      ],
      "/Users/matthiashaefeli/Documents/Documents - Matthias’s MacBook Pro/Devbootcamp/triunfa/superate/app/models/grosery.rb": [
        null,
        null,
        1,
        1,
        1,
        null
      ],
      "/Users/matthiashaefeli/Documents/Documents - Matthias’s MacBook Pro/Devbootcamp/triunfa/superate/spec/models/group_spec.rb": [
        null,
        null,
        1,
        null,
        1,
        5,
        5,
        5,
        4,
        2,
        null,
        1,
        1,
        null,
        null,
        1,
        1,
        null,
        null,
        1,
        1,
        null,
        null,
        1,
        1,
        null,
        null,
        null
      ],
      "/Users/matthiashaefeli/Documents/Documents - Matthias’s MacBook Pro/Devbootcamp/triunfa/superate/app/models/group.rb": [
        null,
        null,
        1,
        1,
        1,
        1,
        1,
        null,
        1,
        1,
        1,
        1,
        1,
        null
      ],
      "/Users/matthiashaefeli/Documents/Documents - Matthias’s MacBook Pro/Devbootcamp/triunfa/superate/spec/models/igroup_spec.rb": [
        null,
        null,
        1,
        null,
        1,
        3,
        3,
        3,
        3,
        4,
        1,
        3,
        2,
        null,
        1,
        1,
        null,
        null,
        1,
        1,
        null,
        null,
        1,
        1,
        null,
        null,
        null
      ],
      "/Users/matthiashaefeli/Documents/Documents - Matthias’s MacBook Pro/Devbootcamp/triunfa/superate/app/models/igroup.rb": [
        null,
        null,
        1,
        1,
        1,
        null
      ],
      "/Users/matthiashaefeli/Documents/Documents - Matthias’s MacBook Pro/Devbootcamp/triunfa/superate/spec/models/library_spec.rb": [
        null,
        null,
        1,
        null,
        1,
        null
      ],
      "/Users/matthiashaefeli/Documents/Documents - Matthias’s MacBook Pro/Devbootcamp/triunfa/superate/app/models/library.rb": [
        null,
        null,
        1,
        1,
        null
      ],
      "/Users/matthiashaefeli/Documents/Documents - Matthias’s MacBook Pro/Devbootcamp/triunfa/superate/spec/models/like_spec.rb": [
        null,
        null,
        1,
        null,
        1,
        5,
        3,
        2,
        3,
        2,
        2,
        null,
        1,
        1,
        null,
        null,
        1,
        1,
        null,
        null,
        1,
        1,
        null,
        null,
        1,
        1,
        null,
        null
      ],
      "/Users/matthiashaefeli/Documents/Documents - Matthias’s MacBook Pro/Devbootcamp/triunfa/superate/app/models/like.rb": [
        null,
        null,
        1,
        1,
        1,
        null
      ],
      "/Users/matthiashaefeli/Documents/Documents - Matthias’s MacBook Pro/Devbootcamp/triunfa/superate/spec/models/link_spec.rb": [
        null,
        null,
        1,
        null,
        1,
        2,
        2,
        null,
        1,
        1,
        null,
        null,
        1,
        1,
        null,
        null
      ],
      "/Users/matthiashaefeli/Documents/Documents - Matthias’s MacBook Pro/Devbootcamp/triunfa/superate/app/models/link.rb": [
        null,
        null,
        1,
        1,
        null,
        null,
        null,
        null,
        null,
        null,
        null,
        null,
        1,
        1,
        1,
        null
      ],
      "/Users/matthiashaefeli/Documents/Documents - Matthias’s MacBook Pro/Devbootcamp/triunfa/superate/spec/models/message_spec.rb": [
        null,
        null,
        1,
        null,
        1,
        6,
        6,
        6,
        6,
        6,
        1,
        6,
        5,
        2,
        null,
        1,
        1,
        null,
        null,
        1,
        1,
        null,
        null,
        1,
        1,
        null,
        null,
        1,
        1,
        null,
        null,
        1,
        1,
        null,
        null,
        null
      ],
      "/Users/matthiashaefeli/Documents/Documents - Matthias’s MacBook Pro/Devbootcamp/triunfa/superate/app/models/message.rb": [
        null,
        null,
        1,
        1,
        null,
        null,
        null,
        null,
        null,
        null,
        null,
        null,
        null,
        1,
        1,
        null,
        1,
        null,
        null,
        null,
        null,
        null,
        null,
        null,
        null,
        1,
        null,
        null,
        null,
        null,
        null,
        null,
        null,
        null,
        1,
        1,
        1,
        1,
        1,
        null
      ],
      "/Users/matthiashaefeli/Documents/Documents - Matthias’s MacBook Pro/Devbootcamp/triunfa/superate/spec/models/paper_spec.rb": [
        null,
        null,
        1,
        null,
        1,
        3,
        2,
        2,
        null,
        1,
        1,
        null,
        null,
        1,
        1,
        null,
        null,
        null
      ],
      "/Users/matthiashaefeli/Documents/Documents - Matthias’s MacBook Pro/Devbootcamp/triunfa/superate/app/models/paper.rb": [
        null,
        null,
        1,
        1,
        null,
        1,
        9,
        null,
        1,
        null,
        null,
        null,
        null,
        null,
        null,
        null,
        null,
        1,
        null,
        null,
        null,
        null,
        null,
        null,
        null,
        null,
        1,
        null
      ],
      "/Users/matthiashaefeli/Documents/Documents - Matthias’s MacBook Pro/Devbootcamp/triunfa/superate/spec/models/publication_spec.rb": [
        null,
        null,
        1,
        null,
        1,
        6,
        5,
        5,
        2,
        null,
        1,
        1,
        null,
        null,
        1,
        1,
        null,
        null,
        1,
        1,
        null,
        null,
        1,
        1,
        null,
        null,
        1,
        1,
        null,
        null,
        null
      ],
      "/Users/matthiashaefeli/Documents/Documents - Matthias’s MacBook Pro/Devbootcamp/triunfa/superate/app/models/publication.rb": [
        null,
        null,
        1,
        1,
        null,
        null,
        null,
        null,
        null,
        null,
        null,
        null,
        null,
        null,
        1,
        1,
        null,
        1,
        null,
        null,
        null,
        null,
        null,
        null,
        null,
        null,
        1,
        null,
        null,
        null,
        null,
        null,
        null,
        null,
        1,
        1,
        1,
        1,
        1,
        null
      ],
      "/Users/matthiashaefeli/Documents/Documents - Matthias’s MacBook Pro/Devbootcamp/triunfa/superate/spec/models/resource_spec.rb": [
        null,
        null,
        1,
        null,
        1,
        2,
        2,
        2,
        null,
        1,
        1,
        null,
        null,
        1,
        1,
        null,
        null,
        1,
        1,
        null,
        null
      ],
      "/Users/matthiashaefeli/Documents/Documents - Matthias’s MacBook Pro/Devbootcamp/triunfa/superate/app/models/resource.rb": [
        null,
        null,
        1,
        1,
        null,
        null,
        null,
        null,
        null,
        null,
        null,
        null,
        1,
        null,
        1,
        1,
        null
      ],
      "/Users/matthiashaefeli/Documents/Documents - Matthias’s MacBook Pro/Devbootcamp/triunfa/superate/spec/models/room_spec.rb": [
        null,
        null,
        1,
        null,
        1,
        2,
        2,
        2,
        2,
        2,
        2,
        null,
        1,
        1,
        null,
        null,
        1,
        1,
        null,
        null,
        null
      ],
      "/Users/matthiashaefeli/Documents/Documents - Matthias’s MacBook Pro/Devbootcamp/triunfa/superate/app/models/room.rb": [
        null,
        null,
        1,
        1,
        1,
        null
      ],
      "/Users/matthiashaefeli/Documents/Documents - Matthias’s MacBook Pro/Devbootcamp/triunfa/superate/spec/models/sentence_spec.rb": [
        null,
        null,
        1,
        null,
        1,
        2,
        2,
        null,
        1,
        1,
        null,
        null,
        1,
        1,
        null,
        null,
        null
      ],
      "/Users/matthiashaefeli/Documents/Documents - Matthias’s MacBook Pro/Devbootcamp/triunfa/superate/app/models/sentence.rb": [
        null,
        null,
        1,
        1,
        null
      ],
      "/Users/matthiashaefeli/Documents/Documents - Matthias’s MacBook Pro/Devbootcamp/triunfa/superate/spec/models/space_spec.rb": [
        null,
        null,
        1,
        null,
        1,
        2,
        2,
        null,
        1,
        1,
        null,
        null,
        1,
        1,
        null,
        null,
        null
      ],
      "/Users/matthiashaefeli/Documents/Documents - Matthias’s MacBook Pro/Devbootcamp/triunfa/superate/app/models/space.rb": [
        null,
        null,
        1,
        1,
        1,
        1,
        null
      ],
      "/Users/matthiashaefeli/Documents/Documents - Matthias’s MacBook Pro/Devbootcamp/triunfa/superate/spec/models/statistic_spec.rb": [
        null,
        null,
        1,
        null,
        1,
        5,
        5,
        5,
        5,
        5,
        5,
        5,
        5,
        5,
        null,
        1,
        1,
        null,
        null,
        1,
        1,
        null,
        null,
        1,
        1,
        null,
        null,
        1,
        1,
        null,
        null
      ],
      "/Users/matthiashaefeli/Documents/Documents - Matthias’s MacBook Pro/Devbootcamp/triunfa/superate/app/models/statistic.rb": [
        null,
        null,
        1,
        null
      ],
      "/Users/matthiashaefeli/Documents/Documents - Matthias’s MacBook Pro/Devbootcamp/triunfa/superate/spec/models/student_spec.rb": [
        null,
        null,
        1,
        null,
        1,
        7,
        7,
        7,
        7,
        8,
        7,
        2,
        null,
        1,
        1,
        null,
        null,
        1,
        1,
        null,
        null,
        1,
        1,
        null,
        null,
        1,
        1,
        null,
        null,
        1,
        1,
        null,
        null,
        1,
        1,
        1,
        null,
        null,
        1,
        1,
        null,
        null,
        null
      ],
      "/Users/matthiashaefeli/Documents/Documents - Matthias’s MacBook Pro/Devbootcamp/triunfa/superate/spec/models/table_spec.rb": [
        null,
        null,
        1,
        null,
        1,
        3,
        2,
        2,
        2,
        null,
        1,
        1,
        null,
        null,
        1,
        1,
        null,
        null,
        null
      ],
      "/Users/matthiashaefeli/Documents/Documents - Matthias’s MacBook Pro/Devbootcamp/triunfa/superate/app/models/table.rb": [
        null,
        null,
        1,
        1,
        1,
        null,
        1,
        1,
        null
      ],
      "/Users/matthiashaefeli/Documents/Documents - Matthias’s MacBook Pro/Devbootcamp/triunfa/superate/spec/models/talk_spec.rb": [
        null,
        null,
        1,
        null,
        1,
        5,
        4,
        2,
        null,
        1,
        1,
        null,
        null,
        1,
        1,
        null,
        null,
        1,
        1,
        null,
        null,
        1,
        1,
        null,
        null,
        null
      ],
      "/Users/matthiashaefeli/Documents/Documents - Matthias’s MacBook Pro/Devbootcamp/triunfa/superate/app/models/talk.rb": [
        null,
        null,
        1,
        1,
        null,
        null,
        null,
        null,
        null,
        null,
        null,
        null,
        null,
        1,
        1,
        null,
        1,
        null,
        null,
        null,
        null,
        null,
        null,
        null,
        null,
        1,
        null,
        null,
        null,
        null,
        null,
        null,
        null,
        1,
        1,
        1,
        1,
        null
      ],
      "/Users/matthiashaefeli/Documents/Documents - Matthias’s MacBook Pro/Devbootcamp/triunfa/superate/spec/models/task_spec.rb": [
        null,
        null,
        1,
        null,
        1,
        6,
        6,
        6,
        6,
        5,
        2,
        null,
        1,
        1,
        null,
        null,
        1,
        1,
        null,
        null,
        1,
        1,
        null,
        null,
        1,
        1,
        null,
        null,
        1,
        1,
        null,
        null,
        null
      ],
      "/Users/matthiashaefeli/Documents/Documents - Matthias’s MacBook Pro/Devbootcamp/triunfa/superate/app/models/task.rb": [
        null,
        null,
        1,
        1,
        null,
        null,
        null,
        null,
        null,
        null,
        null,
        null,
        1,
        null,
        null,
        null,
        null,
        null,
        null,
        null,
        null,
        1,
        1,
        1,
        1,
        null,
        1,
        1,
        null
      ],
      "/Users/matthiashaefeli/Documents/Documents - Matthias’s MacBook Pro/Devbootcamp/triunfa/superate/spec/models/teacher_spec.rb": [
        null,
        null,
        1,
        null,
        1,
        1,
        1,
        null,
        5,
        5,
        2,
        null,
        1,
        1,
        null,
        null,
        1,
        1,
        null,
        null,
        1,
        1,
        null,
        null,
        1,
        1,
        null,
        null,
        1,
        1,
        null,
        null,
        null
      ],
      "/Users/matthiashaefeli/Documents/Documents - Matthias’s MacBook Pro/Devbootcamp/triunfa/superate/app/models/teacher.rb": [
        null,
        null,
        1,
        null,
        null,
        null,
        1,
        1,
        null,
        1,
        null
      ],
      "/Users/matthiashaefeli/Documents/Documents - Matthias’s MacBook Pro/Devbootcamp/triunfa/superate/spec/models/todo_spec.rb": [
        null,
        null,
        1,
        null,
        1,
        2,
        2,
        2,
        null,
        1,
        1,
        null,
        null,
        1,
        1,
        null,
        null
      ],
      "/Users/matthiashaefeli/Documents/Documents - Matthias’s MacBook Pro/Devbootcamp/triunfa/superate/app/models/todo.rb": [
        null,
        null,
        1,
        1,
        1,
        null
      ],
      "/Users/matthiashaefeli/Documents/Documents - Matthias’s MacBook Pro/Devbootcamp/triunfa/superate/spec/models/user_spec.rb": [
        null,
        null,
        1,
        null,
        1,
        4,
        2,
        2,
        2,
        2,
        null,
        1,
        1,
        null,
        null,
        1,
        1,
        null,
        null,
        1,
        1,
        null,
        null,
        1,
        1,
        null,
        null,
        1,
        1,
        null,
        null,
        1,
        1,
        null,
        null,
        1,
        1,
        null,
        null,
        null
      ],
      "/Users/matthiashaefeli/Documents/Documents - Matthias’s MacBook Pro/Devbootcamp/triunfa/superate/app/models/student.rb": [
        null,
        null,
        1,
        1,
        null,
        1,
        null,
        1,
        1,
        null
      ]
    },
    "timestamp": 1534513816
  }
}
